#
# There is insufficient memory for the Java Runtime Environment to continue.
# Native memory allocation (mmap) failed to map 45088768 bytes for G1 virtual space
# Possible reasons:
#   The system is out of physical RAM or swap space
#   The process is running with CompressedOops enabled, and the Java Heap may be blocking the growth of the native heap
# Possible solutions:
#   Reduce memory load on the system
#   Increase physical memory or swap space
#   Check if swap backing store is full
#   Decrease Java heap size (-Xmx/-Xms)
#   Decrease number of Java threads
#   Decrease Java thread stack sizes (-Xss)
#   Set larger code cache with -XX:ReservedCodeCacheSize=
#   JVM is running with Unscaled Compressed Oops mode in which the Java heap is
#     placed in the first 4GB address space. The Java Heap base address is the
#     maximum limit for the native heap growth. Please use -XX:HeapBaseMinAddress
#     to set the Java Heap base and to place the Java Heap above 4GB virtual address.
# This output file may be truncated or incomplete.
#
#  Out of Memory Error (os_windows.cpp:3541), pid=6336, tid=620
#
# JRE version: Java(TM) SE Runtime Environment (17.0.5+9) (build 17.0.5+9-LTS-191)
# Java VM: Java HotSpot(TM) 64-Bit Server VM (17.0.5+9-LTS-191, mixed mode, sharing, tiered, compressed oops, compressed class ptrs, g1 gc, windows-amd64)
# No core dump will be written. Minidumps are not enabled by default on client versions of Windows
#

---------------  S U M M A R Y ------------

Command Line: -Dcom.sun.management.jmxremote -Dcom.sun.management.jmxremote.port=54319 -Dcom.sun.management.jmxremote.authenticate=false -Dcom.sun.management.jmxremote.ssl=false -Dspring.jmx.enabled=true -Djava.rmi.server.hostname=localhost -Dspring.application.admin.enabled=true -Dspring.boot.project.name=tw-projetos -XX:+ShowCodeDetailsInExceptionMessages br.com.treinaweb.twprojetos.TwProjetosApplication

Host: Intel(R) Core(TM) i5-3330 CPU @ 3.00GHz, 4 cores, 3G,  Windows 10 , 64 bit Build 19041 (10.0.19041.2251)
Time: Thu Nov 24 16:30:45 2022 Hora oficial do Brasil elapsed time: 12990.642934 seconds (0d 3h 36m 30s)

---------------  T H R E A D  ---------------

Current thread (0x0000027dfe93f010):  VMThread "VM Thread" [stack: 0x000000c89eb00000,0x000000c89ec00000] [id=620]

Stack: [0x000000c89eb00000,0x000000c89ec00000]
Native frames: (J=compiled Java code, j=interpreted, Vv=VM code, C=native code)
V  [jvm.dll+0x672eea]
V  [jvm.dll+0x7d2a04]
V  [jvm.dll+0x7d41ae]
V  [jvm.dll+0x7d4813]
V  [jvm.dll+0x242c15]
V  [jvm.dll+0x66fe09]
V  [jvm.dll+0x664682]
V  [jvm.dll+0x300e8b]
V  [jvm.dll+0x308426]
V  [jvm.dll+0x357ffe]
V  [jvm.dll+0x35822f]
V  [jvm.dll+0x2d80a8]
V  [jvm.dll+0x2d6374]
V  [jvm.dll+0x2d597c]
V  [jvm.dll+0x3193eb]
V  [jvm.dll+0x7d8ceb]
V  [jvm.dll+0x7d9a24]
V  [jvm.dll+0x7d9f3c]
V  [jvm.dll+0x7da314]
V  [jvm.dll+0x7da3e0]
V  [jvm.dll+0x782b4a]
V  [jvm.dll+0x671d75]
C  [ucrtbase.dll+0x21bb2]
C  [KERNEL32.DLL+0x174b4]
C  [ntdll.dll+0x526a1]

VM_Operation (0x000000c8a09fda20): G1CollectForAllocation, mode: safepoint, requested by thread 0x0000027dff5c8ef0


---------------  P R O C E S S  ---------------

Threads class SMR info:
_java_thread_list=0x0000027dfff6e440, length=35, elements={
0x0000027dfbf39c10, 0x0000027dfbf3a730, 0x0000027dfbf4de60, 0x0000027dfbf51930,
0x0000027dfbf522e0, 0x0000027dfbf52c90, 0x0000027dfe949330, 0x0000027dfbf5d5e0,
0x0000027dfbf5dfd0, 0x0000027dfe8fcb90, 0x0000027dff4e88c0, 0x0000027dff9cf1e0,
0x0000027dff999040, 0x0000027dff9d8990, 0x0000027d99a9fe10, 0x0000027d99537bc0,
0x0000027d99538090, 0x0000027d98f2b590, 0x0000027dff5c9890, 0x0000027dff5c93c0,
0x0000027dff5c8ef0, 0x0000027dff5c9d60, 0x0000027dff5cb570, 0x0000027dff5ca230,
0x0000027dff5cba40, 0x0000027dff5cabd0, 0x0000027dff5ca700, 0x0000027dff5cb0a0,
0x0000027dff5c8550, 0x0000027dffca9dd0, 0x0000027dffcaefa0, 0x0000027dffcabf80,
0x0000027dffcaead0, 0x0000027dffca9900, 0x0000027dffcab5e0
}

Java Threads: ( => current thread )
  0x0000027dfbf39c10 JavaThread "Reference Handler" daemon [_thread_blocked, id=4860, stack(0x000000c89ec00000,0x000000c89ed00000)]
  0x0000027dfbf3a730 JavaThread "Finalizer" daemon [_thread_blocked, id=6296, stack(0x000000c89ed00000,0x000000c89ee00000)]
  0x0000027dfbf4de60 JavaThread "Signal Dispatcher" daemon [_thread_blocked, id=15824, stack(0x000000c89ee00000,0x000000c89ef00000)]
  0x0000027dfbf51930 JavaThread "Attach Listener" daemon [_thread_blocked, id=10328, stack(0x000000c89ef00000,0x000000c89f000000)]
  0x0000027dfbf522e0 JavaThread "Service Thread" daemon [_thread_blocked, id=6940, stack(0x000000c89f000000,0x000000c89f100000)]
  0x0000027dfbf52c90 JavaThread "Monitor Deflation Thread" daemon [_thread_blocked, id=5424, stack(0x000000c89f100000,0x000000c89f200000)]
  0x0000027dfe949330 JavaThread "C2 CompilerThread0" daemon [_thread_blocked, id=632, stack(0x000000c89f200000,0x000000c89f300000)]
  0x0000027dfbf5d5e0 JavaThread "C1 CompilerThread0" daemon [_thread_blocked, id=14852, stack(0x000000c89f300000,0x000000c89f400000)]
  0x0000027dfbf5dfd0 JavaThread "Sweeper thread" daemon [_thread_blocked, id=5648, stack(0x000000c89f400000,0x000000c89f500000)]
  0x0000027dfe8fcb90 JavaThread "Common-Cleaner" daemon [_thread_blocked, id=12088, stack(0x000000c89f500000,0x000000c89f600000)]
  0x0000027dff4e88c0 JavaThread "Notification Thread" daemon [_thread_blocked, id=15320, stack(0x000000c89f600000,0x000000c89f700000)]
  0x0000027dff9cf1e0 JavaThread "RMI TCP Accept-0" daemon [_thread_in_native, id=13360, stack(0x000000c89f700000,0x000000c89f800000)]
  0x0000027dff999040 JavaThread "RMI TCP Accept-54319" daemon [_thread_in_native, id=5492, stack(0x000000c89f800000,0x000000c89f900000)]
  0x0000027dff9d8990 JavaThread "RMI TCP Accept-0" daemon [_thread_in_native, id=6192, stack(0x000000c89f900000,0x000000c89fa00000)]
  0x0000027d99a9fe10 JavaThread "Catalina-utility-1" [_thread_blocked, id=14560, stack(0x000000c8a0100000,0x000000c8a0200000)]
  0x0000027d99537bc0 JavaThread "Catalina-utility-2" [_thread_blocked, id=1532, stack(0x000000c8a0200000,0x000000c8a0300000)]
  0x0000027d99538090 JavaThread "container-0" [_thread_blocked, id=1404, stack(0x000000c8a0300000,0x000000c8a0400000)]
  0x0000027d98f2b590 JavaThread "mysql-cj-abandoned-connection-cleanup" daemon [_thread_blocked, id=14056, stack(0x000000c8a0400000,0x000000c8a0500000)]
  0x0000027dff5c9890 JavaThread "HikariPool-1 housekeeper" daemon [_thread_blocked, id=13348, stack(0x000000c8a0800000,0x000000c8a0900000)]
  0x0000027dff5c93c0 JavaThread "Live Reload Server" daemon [_thread_in_native, id=1464, stack(0x000000c8a0a00000,0x000000c8a0b00000)]
  0x0000027dff5c8ef0 JavaThread "File Watcher" daemon [_thread_blocked, id=15084, stack(0x000000c8a0900000,0x000000c8a0a00000)]
  0x0000027dff5c9d60 JavaThread "http-nio-8080-BlockPoller" daemon [_thread_blocked, id=7532, stack(0x000000c8a0b00000,0x000000c8a0c00000)]
  0x0000027dff5cb570 JavaThread "http-nio-8080-exec-1" daemon [_thread_blocked, id=16040, stack(0x000000c8a0c00000,0x000000c8a0d00000)]
  0x0000027dff5ca230 JavaThread "http-nio-8080-exec-2" daemon [_thread_blocked, id=10360, stack(0x000000c8a0d00000,0x000000c8a0e00000)]
  0x0000027dff5cba40 JavaThread "http-nio-8080-exec-3" daemon [_thread_blocked, id=11392, stack(0x000000c8a0e00000,0x000000c8a0f00000)]
  0x0000027dff5cabd0 JavaThread "http-nio-8080-exec-4" daemon [_thread_blocked, id=14680, stack(0x000000c8a0f00000,0x000000c8a1000000)]
  0x0000027dff5ca700 JavaThread "http-nio-8080-exec-5" daemon [_thread_blocked, id=4676, stack(0x000000c8a1000000,0x000000c8a1100000)]
  0x0000027dff5cb0a0 JavaThread "http-nio-8080-exec-6" daemon [_thread_blocked, id=4828, stack(0x000000c8a1100000,0x000000c8a1200000)]
  0x0000027dff5c8550 JavaThread "http-nio-8080-exec-7" daemon [_thread_blocked, id=5372, stack(0x000000c8a1200000,0x000000c8a1300000)]
  0x0000027dffca9dd0 JavaThread "http-nio-8080-exec-8" daemon [_thread_blocked, id=2184, stack(0x000000c8a1300000,0x000000c8a1400000)]
  0x0000027dffcaefa0 JavaThread "http-nio-8080-exec-9" daemon [_thread_blocked, id=10924, stack(0x000000c8a1400000,0x000000c8a1500000)]
  0x0000027dffcabf80 JavaThread "http-nio-8080-exec-10" daemon [_thread_blocked, id=10056, stack(0x000000c8a1500000,0x000000c8a1600000)]
  0x0000027dffcaead0 JavaThread "http-nio-8080-ClientPoller" daemon [_thread_blocked, id=10872, stack(0x000000c8a1600000,0x000000c8a1700000)]
  0x0000027dffca9900 JavaThread "http-nio-8080-Acceptor" daemon [_thread_in_native, id=10144, stack(0x000000c8a1700000,0x000000c8a1800000)]
  0x0000027dffcab5e0 JavaThread "DestroyJavaVM" [_thread_blocked, id=13572, stack(0x000000c89e500000,0x000000c89e600000)]

Other Threads:
=>0x0000027dfe93f010 VMThread "VM Thread" [stack: 0x000000c89eb00000,0x000000c89ec00000] [id=620]
  0x0000027dfbe82de0 WatcherThread [stack: 0x000000c89fa00000,0x000000c89fb00000] [id=13116]
  0x0000027dfbec4700 GCTaskThread "GC Thread#0" [stack: 0x000000c89e600000,0x000000c89e700000] [id=8536]
  0x0000027dffef2570 GCTaskThread "GC Thread#1" [stack: 0x000000c89fb00000,0x000000c89fc00000] [id=13556]
  0x0000027dffe6c480 GCTaskThread "GC Thread#2" [stack: 0x000000c89fc00000,0x000000c89fd00000] [id=8088]
  0x0000027dffca4010 GCTaskThread "GC Thread#3" [stack: 0x000000c89fd00000,0x000000c89fe00000] [id=11932]
  0x0000027dfbece310 ConcurrentGCThread "G1 Main Marker" [stack: 0x000000c89e700000,0x000000c89e800000] [id=8276]
  0x0000027dfbeced20 ConcurrentGCThread "G1 Conc#0" [stack: 0x000000c89e800000,0x000000c89e900000] [id=9168]
  0x0000027dfbf0e6b0 ConcurrentGCThread "G1 Refine#0" [stack: 0x000000c89e900000,0x000000c89ea00000] [id=10544]
  0x0000027dffef2820 ConcurrentGCThread "G1 Refine#1" [stack: 0x000000c89fe00000,0x000000c89ff00000] [id=13560]
  0x0000027dfbf0f0d0 ConcurrentGCThread "G1 Service" [stack: 0x000000c89ea00000,0x000000c89eb00000] [id=14744]

Threads with active compile tasks:

VM state: at safepoint (normal execution)

VM Mutex/Monitor currently owned by a thread:  ([mutex/lock_event])
[0x0000027dfbe7e1f0] Threads_lock - owner thread: 0x0000027dfe93f010
[0x0000027dfbe7ea60] Heap_lock - owner thread: 0x0000027dff5c8ef0

Heap address: 0x00000000c1a00000, size: 998 MB, Compressed Oops mode: 32-bit

CDS archive(s) mapped at: [0x0000000800000000-0x0000000800bd0000-0x0000000800bd0000), size 12386304, SharedBaseAddress: 0x0000000800000000, ArchiveRelocationMode: 0.
Compressed class space mapped at: 0x0000000800c00000-0x0000000840c00000, reserved size: 1073741824
Narrow klass base: 0x0000000800000000, Narrow klass shift: 0, Narrow klass range: 0x100000000

GC Precious Log:
 CPUs: 4 total, 4 available
 Memory: 3991M
 Large Page Support: Disabled
 NUMA Support: Disabled
 Compressed Oops: Enabled (32-bit)
 Heap Region Size: 1M
 Heap Min Capacity: 8M
 Heap Initial Capacity: 64M
 Heap Max Capacity: 998M
 Pre-touch: Disabled
 Parallel Workers: 4
 Concurrent Workers: 1
 Concurrent Refinement Workers: 4
 Periodic GC: Disabled

Heap:
 garbage-first heap   total 297984K, used 34632K [0x00000000c1a00000, 0x0000000100000000)
  region size 1024K, 1 young (1024K), 1 survivors (1024K)
 Metaspace       used 62957K, committed 63360K, reserved 1105920K
  class space    used 8235K, committed 8448K, reserved 1048576K

Heap Regions: E=young(eden), S=young(survivor), O=old, HS=humongous(starts), HC=humongous(continues), CS=collection set, F=free, OA=open archive, CA=closed archive, TAMS=top-at-mark-start (previous, next)
|   0|0x00000000c1a00000, 0x00000000c1b00000, 0x00000000c1b00000|100%|HS|  |TAMS 0x00000000c1b00000, 0x00000000c1a00000| Complete 
|   1|0x00000000c1b00000, 0x00000000c1c00000, 0x00000000c1c00000|100%| O|  |TAMS 0x00000000c1c00000, 0x00000000c1b00000| Untracked 
|   2|0x00000000c1c00000, 0x00000000c1d00000, 0x00000000c1d00000|100%| O|  |TAMS 0x00000000c1d00000, 0x00000000c1c00000| Untracked 
|   3|0x00000000c1d00000, 0x00000000c1e00000, 0x00000000c1e00000|100%| O|  |TAMS 0x00000000c1e00000, 0x00000000c1d00000| Untracked 
|   4|0x00000000c1e00000, 0x00000000c1f00000, 0x00000000c1f00000|100%| O|  |TAMS 0x00000000c1f00000, 0x00000000c1e00000| Untracked 
|   5|0x00000000c1f00000, 0x00000000c2000000, 0x00000000c2000000|100%| O|  |TAMS 0x00000000c2000000, 0x00000000c1f00000| Untracked 
|   6|0x00000000c2000000, 0x00000000c2100000, 0x00000000c2100000|100%| O|  |TAMS 0x00000000c2100000, 0x00000000c2000000| Untracked 
|   7|0x00000000c2100000, 0x00000000c2200000, 0x00000000c2200000|100%| O|  |TAMS 0x00000000c2200000, 0x00000000c2100000| Untracked 
|   8|0x00000000c2200000, 0x00000000c2300000, 0x00000000c2300000|100%| O|  |TAMS 0x00000000c2300000, 0x00000000c2200000| Untracked 
|   9|0x00000000c2300000, 0x00000000c2400000, 0x00000000c2400000|100%| O|  |TAMS 0x00000000c2400000, 0x00000000c2300000| Untracked 
|  10|0x00000000c2400000, 0x00000000c2500000, 0x00000000c2500000|100%| O|  |TAMS 0x00000000c2500000, 0x00000000c2400000| Untracked 
|  11|0x00000000c2500000, 0x00000000c2600000, 0x00000000c2600000|100%| O|  |TAMS 0x00000000c2600000, 0x00000000c2500000| Untracked 
|  12|0x00000000c2600000, 0x00000000c2700000, 0x00000000c2700000|100%| O|  |TAMS 0x00000000c2700000, 0x00000000c2600000| Untracked 
|  13|0x00000000c2700000, 0x00000000c2800000, 0x00000000c2800000|100%| O|  |TAMS 0x00000000c2800000, 0x00000000c2700000| Untracked 
|  14|0x00000000c2800000, 0x00000000c2900000, 0x00000000c2900000|100%| O|  |TAMS 0x00000000c28e0200, 0x00000000c2800000| Untracked 
|  15|0x00000000c2900000, 0x00000000c2a00000, 0x00000000c2a00000|100%| O|  |TAMS 0x00000000c2a00000, 0x00000000c2900000| Untracked 
|  16|0x00000000c2a00000, 0x00000000c2b00000, 0x00000000c2b00000|100%| O|  |TAMS 0x00000000c2b00000, 0x00000000c2a00000| Untracked 
|  17|0x00000000c2b00000, 0x00000000c2c00000, 0x00000000c2c00000|100%| O|  |TAMS 0x00000000c2c00000, 0x00000000c2b00000| Untracked 
|  18|0x00000000c2c00000, 0x00000000c2d00000, 0x00000000c2d00000|100%| O|  |TAMS 0x00000000c2d00000, 0x00000000c2c00000| Untracked 
|  19|0x00000000c2d00000, 0x00000000c2e00000, 0x00000000c2e00000|100%| O|  |TAMS 0x00000000c2e00000, 0x00000000c2d00000| Untracked 
|  20|0x00000000c2e00000, 0x00000000c2f00000, 0x00000000c2f00000|100%| O|  |TAMS 0x00000000c2e00000, 0x00000000c2e00000| Untracked 
|  21|0x00000000c2f00000, 0x00000000c3000000, 0x00000000c3000000|100%| O|  |TAMS 0x00000000c3000000, 0x00000000c2f00000| Untracked 
|  22|0x00000000c3000000, 0x00000000c3100000, 0x00000000c3100000|100%| O|  |TAMS 0x00000000c3100000, 0x00000000c3000000| Untracked 
|  23|0x00000000c3100000, 0x00000000c3200000, 0x00000000c3200000|100%| O|  |TAMS 0x00000000c3200000, 0x00000000c3100000| Untracked 
|  24|0x00000000c3200000, 0x00000000c3300000, 0x00000000c3300000|100%| O|  |TAMS 0x00000000c3300000, 0x00000000c3200000| Untracked 
|  25|0x00000000c3300000, 0x00000000c3400000, 0x00000000c3400000|100%| O|  |TAMS 0x00000000c3400000, 0x00000000c3300000| Untracked 
|  26|0x00000000c3400000, 0x00000000c3500000, 0x00000000c3500000|100%| O|  |TAMS 0x00000000c3500000, 0x00000000c3400000| Untracked 
|  27|0x00000000c3500000, 0x00000000c3600000, 0x00000000c3600000|100%| O|  |TAMS 0x00000000c3600000, 0x00000000c3500000| Untracked 
|  28|0x00000000c3600000, 0x00000000c3700000, 0x00000000c3700000|100%| O|  |TAMS 0x00000000c3600000, 0x00000000c3600000| Untracked 
|  29|0x00000000c3700000, 0x00000000c3800000, 0x00000000c3800000|100%| O|  |TAMS 0x00000000c3800000, 0x00000000c3700000| Untracked 
|  30|0x00000000c3800000, 0x00000000c3900000, 0x00000000c3900000|100%| O|  |TAMS 0x00000000c3800000, 0x00000000c3800000| Untracked 
|  31|0x00000000c3900000, 0x00000000c3a00000, 0x00000000c3a00000|100%| O|  |TAMS 0x00000000c3900000, 0x00000000c3900000| Untracked 
|  32|0x00000000c3a00000, 0x00000000c3b00000, 0x00000000c3b00000|100%| O|  |TAMS 0x00000000c3a00000, 0x00000000c3a00000| Untracked 
|  33|0x00000000c3b00000, 0x00000000c3b43800, 0x00000000c3c00000| 26%| O|  |TAMS 0x00000000c3b00000, 0x00000000c3b00000| Untracked 
|  34|0x00000000c3c00000, 0x00000000c3c00000, 0x00000000c3d00000|  0%| F|  |TAMS 0x00000000c3c00000, 0x00000000c3c00000| Untracked 
|  35|0x00000000c3d00000, 0x00000000c3d00000, 0x00000000c3e00000|  0%| F|  |TAMS 0x00000000c3d00000, 0x00000000c3d00000| Untracked 
|  36|0x00000000c3e00000, 0x00000000c3e00000, 0x00000000c3f00000|  0%| F|  |TAMS 0x00000000c3e00000, 0x00000000c3e00000| Untracked 
|  37|0x00000000c3f00000, 0x00000000c3f00000, 0x00000000c4000000|  0%| F|  |TAMS 0x00000000c3f00000, 0x00000000c3f00000| Untracked 
|  38|0x00000000c4000000, 0x00000000c4000000, 0x00000000c4100000|  0%| F|  |TAMS 0x00000000c4000000, 0x00000000c4000000| Untracked 
|  39|0x00000000c4100000, 0x00000000c4100000, 0x00000000c4200000|  0%| F|  |TAMS 0x00000000c4100000, 0x00000000c4100000| Untracked 
|  40|0x00000000c4200000, 0x00000000c4200000, 0x00000000c4300000|  0%| F|  |TAMS 0x00000000c4200000, 0x00000000c4200000| Untracked 
|  41|0x00000000c4300000, 0x00000000c4300000, 0x00000000c4400000|  0%| F|  |TAMS 0x00000000c4300000, 0x00000000c4300000| Untracked 
|  42|0x00000000c4400000, 0x00000000c4400000, 0x00000000c4500000|  0%| F|  |TAMS 0x00000000c4400000, 0x00000000c4400000| Untracked 
|  43|0x00000000c4500000, 0x00000000c4500000, 0x00000000c4600000|  0%| F|  |TAMS 0x00000000c4500000, 0x00000000c4500000| Untracked 
|  44|0x00000000c4600000, 0x00000000c4600000, 0x00000000c4700000|  0%| F|  |TAMS 0x00000000c4600000, 0x00000000c4600000| Untracked 
|  45|0x00000000c4700000, 0x00000000c4700000, 0x00000000c4800000|  0%| F|  |TAMS 0x00000000c4700000, 0x00000000c4700000| Untracked 
|  46|0x00000000c4800000, 0x00000000c4800000, 0x00000000c4900000|  0%| F|  |TAMS 0x00000000c4800000, 0x00000000c4800000| Untracked 
|  47|0x00000000c4900000, 0x00000000c4900000, 0x00000000c4a00000|  0%| F|  |TAMS 0x00000000c4900000, 0x00000000c4900000| Untracked 
|  48|0x00000000c4a00000, 0x00000000c4a00000, 0x00000000c4b00000|  0%| F|  |TAMS 0x00000000c4a00000, 0x00000000c4a00000| Untracked 
|  49|0x00000000c4b00000, 0x00000000c4b00000, 0x00000000c4c00000|  0%| F|  |TAMS 0x00000000c4b00000, 0x00000000c4b00000| Untracked 
|  50|0x00000000c4c00000, 0x00000000c4c00000, 0x00000000c4d00000|  0%| F|  |TAMS 0x00000000c4c00000, 0x00000000c4c00000| Untracked 
|  51|0x00000000c4d00000, 0x00000000c4d00000, 0x00000000c4e00000|  0%| F|  |TAMS 0x00000000c4d00000, 0x00000000c4d00000| Untracked 
|  52|0x00000000c4e00000, 0x00000000c4e00000, 0x00000000c4f00000|  0%| F|  |TAMS 0x00000000c4e00000, 0x00000000c4e00000| Untracked 
|  53|0x00000000c4f00000, 0x00000000c4f00000, 0x00000000c5000000|  0%| F|  |TAMS 0x00000000c4f00000, 0x00000000c4f00000| Untracked 
|  54|0x00000000c5000000, 0x00000000c5000000, 0x00000000c5100000|  0%| F|  |TAMS 0x00000000c5000000, 0x00000000c5000000| Untracked 
|  55|0x00000000c5100000, 0x00000000c5100000, 0x00000000c5200000|  0%| F|  |TAMS 0x00000000c5100000, 0x00000000c5100000| Untracked 
|  56|0x00000000c5200000, 0x00000000c5200000, 0x00000000c5300000|  0%| F|  |TAMS 0x00000000c5200000, 0x00000000c5200000| Untracked 
|  57|0x00000000c5300000, 0x00000000c5300000, 0x00000000c5400000|  0%| F|  |TAMS 0x00000000c5300000, 0x00000000c5300000| Untracked 
|  58|0x00000000c5400000, 0x00000000c5400000, 0x00000000c5500000|  0%| F|  |TAMS 0x00000000c5400000, 0x00000000c5400000| Untracked 
|  59|0x00000000c5500000, 0x00000000c5500000, 0x00000000c5600000|  0%| F|  |TAMS 0x00000000c5500000, 0x00000000c5500000| Untracked 
|  60|0x00000000c5600000, 0x00000000c5600000, 0x00000000c5700000|  0%| F|  |TAMS 0x00000000c5600000, 0x00000000c5600000| Untracked 
|  61|0x00000000c5700000, 0x00000000c5700000, 0x00000000c5800000|  0%| F|  |TAMS 0x00000000c5700000, 0x00000000c5700000| Untracked 
|  62|0x00000000c5800000, 0x00000000c5800000, 0x00000000c5900000|  0%| F|  |TAMS 0x00000000c5800000, 0x00000000c5800000| Untracked 
|  63|0x00000000c5900000, 0x00000000c5900000, 0x00000000c5a00000|  0%| F|  |TAMS 0x00000000c5900000, 0x00000000c5900000| Untracked 
|  64|0x00000000c5a00000, 0x00000000c5a00000, 0x00000000c5b00000|  0%| F|  |TAMS 0x00000000c5a00000, 0x00000000c5a00000| Untracked 
|  65|0x00000000c5b00000, 0x00000000c5b00000, 0x00000000c5c00000|  0%| F|  |TAMS 0x00000000c5b00000, 0x00000000c5b00000| Untracked 
|  66|0x00000000c5c00000, 0x00000000c5c00000, 0x00000000c5d00000|  0%| F|  |TAMS 0x00000000c5c00000, 0x00000000c5c00000| Untracked 
|  67|0x00000000c5d00000, 0x00000000c5d00000, 0x00000000c5e00000|  0%| F|  |TAMS 0x00000000c5d00000, 0x00000000c5d00000| Untracked 
|  68|0x00000000c5e00000, 0x00000000c5e00000, 0x00000000c5f00000|  0%| F|  |TAMS 0x00000000c5e00000, 0x00000000c5e00000| Untracked 
|  69|0x00000000c5f00000, 0x00000000c5f00000, 0x00000000c6000000|  0%| F|  |TAMS 0x00000000c5f00000, 0x00000000c5f00000| Untracked 
|  70|0x00000000c6000000, 0x00000000c6000000, 0x00000000c6100000|  0%| F|  |TAMS 0x00000000c6000000, 0x00000000c6000000| Untracked 
|  71|0x00000000c6100000, 0x00000000c6100000, 0x00000000c6200000|  0%| F|  |TAMS 0x00000000c6100000, 0x00000000c6100000| Untracked 
|  72|0x00000000c6200000, 0x00000000c6200000, 0x00000000c6300000|  0%| F|  |TAMS 0x00000000c6200000, 0x00000000c6200000| Untracked 
|  73|0x00000000c6300000, 0x00000000c6300000, 0x00000000c6400000|  0%| F|  |TAMS 0x00000000c6300000, 0x00000000c6300000| Untracked 
|  74|0x00000000c6400000, 0x00000000c6400000, 0x00000000c6500000|  0%| F|  |TAMS 0x00000000c6400000, 0x00000000c6400000| Untracked 
|  75|0x00000000c6500000, 0x00000000c6500000, 0x00000000c6600000|  0%| F|  |TAMS 0x00000000c6500000, 0x00000000c6500000| Untracked 
|  76|0x00000000c6600000, 0x00000000c6600000, 0x00000000c6700000|  0%| F|  |TAMS 0x00000000c6600000, 0x00000000c6600000| Untracked 
|  77|0x00000000c6700000, 0x00000000c6700000, 0x00000000c6800000|  0%| F|  |TAMS 0x00000000c6700000, 0x00000000c6700000| Untracked 
|  78|0x00000000c6800000, 0x00000000c6800000, 0x00000000c6900000|  0%| F|  |TAMS 0x00000000c6800000, 0x00000000c6800000| Untracked 
|  79|0x00000000c6900000, 0x00000000c6900000, 0x00000000c6a00000|  0%| F|  |TAMS 0x00000000c6900000, 0x00000000c6900000| Untracked 
|  80|0x00000000c6a00000, 0x00000000c6a00000, 0x00000000c6b00000|  0%| F|  |TAMS 0x00000000c6a00000, 0x00000000c6a00000| Untracked 
|  81|0x00000000c6b00000, 0x00000000c6b00000, 0x00000000c6c00000|  0%| F|  |TAMS 0x00000000c6b00000, 0x00000000c6b00000| Untracked 
|  82|0x00000000c6c00000, 0x00000000c6c00000, 0x00000000c6d00000|  0%| F|  |TAMS 0x00000000c6c00000, 0x00000000c6c00000| Untracked 
|  83|0x00000000c6d00000, 0x00000000c6d00000, 0x00000000c6e00000|  0%| F|  |TAMS 0x00000000c6d00000, 0x00000000c6d00000| Untracked 
|  84|0x00000000c6e00000, 0x00000000c6e00000, 0x00000000c6f00000|  0%| F|  |TAMS 0x00000000c6e00000, 0x00000000c6e00000| Untracked 
|  85|0x00000000c6f00000, 0x00000000c6f00000, 0x00000000c7000000|  0%| F|  |TAMS 0x00000000c6f00000, 0x00000000c6f00000| Untracked 
|  86|0x00000000c7000000, 0x00000000c7000000, 0x00000000c7100000|  0%| F|  |TAMS 0x00000000c7000000, 0x00000000c7000000| Untracked 
|  87|0x00000000c7100000, 0x00000000c7100000, 0x00000000c7200000|  0%| F|  |TAMS 0x00000000c7100000, 0x00000000c7100000| Untracked 
|  88|0x00000000c7200000, 0x00000000c7200000, 0x00000000c7300000|  0%| F|  |TAMS 0x00000000c7200000, 0x00000000c7200000| Untracked 
|  89|0x00000000c7300000, 0x00000000c7300000, 0x00000000c7400000|  0%| F|  |TAMS 0x00000000c7300000, 0x00000000c7300000| Untracked 
|  90|0x00000000c7400000, 0x00000000c7400000, 0x00000000c7500000|  0%| F|  |TAMS 0x00000000c7400000, 0x00000000c7400000| Untracked 
|  91|0x00000000c7500000, 0x00000000c7500000, 0x00000000c7600000|  0%| F|  |TAMS 0x00000000c7500000, 0x00000000c7500000| Untracked 
|  92|0x00000000c7600000, 0x00000000c7600000, 0x00000000c7700000|  0%| F|  |TAMS 0x00000000c7600000, 0x00000000c7600000| Untracked 
|  93|0x00000000c7700000, 0x00000000c7700000, 0x00000000c7800000|  0%| F|  |TAMS 0x00000000c7700000, 0x00000000c7700000| Untracked 
|  94|0x00000000c7800000, 0x00000000c7800000, 0x00000000c7900000|  0%| F|  |TAMS 0x00000000c7800000, 0x00000000c7800000| Untracked 
|  95|0x00000000c7900000, 0x00000000c7900000, 0x00000000c7a00000|  0%| F|  |TAMS 0x00000000c7900000, 0x00000000c7900000| Untracked 
|  96|0x00000000c7a00000, 0x00000000c7a00000, 0x00000000c7b00000|  0%| F|  |TAMS 0x00000000c7a00000, 0x00000000c7a00000| Untracked 
|  97|0x00000000c7b00000, 0x00000000c7b00000, 0x00000000c7c00000|  0%| F|  |TAMS 0x00000000c7b00000, 0x00000000c7b00000| Untracked 
|  98|0x00000000c7c00000, 0x00000000c7c00000, 0x00000000c7d00000|  0%| F|  |TAMS 0x00000000c7c00000, 0x00000000c7c00000| Untracked 
|  99|0x00000000c7d00000, 0x00000000c7d00000, 0x00000000c7e00000|  0%| F|  |TAMS 0x00000000c7d00000, 0x00000000c7d00000| Untracked 
| 100|0x00000000c7e00000, 0x00000000c7e00000, 0x00000000c7f00000|  0%| F|  |TAMS 0x00000000c7e00000, 0x00000000c7e00000| Untracked 
| 101|0x00000000c7f00000, 0x00000000c7f00000, 0x00000000c8000000|  0%| F|  |TAMS 0x00000000c7f00000, 0x00000000c7f00000| Untracked 
| 102|0x00000000c8000000, 0x00000000c8000000, 0x00000000c8100000|  0%| F|  |TAMS 0x00000000c8000000, 0x00000000c8000000| Untracked 
| 103|0x00000000c8100000, 0x00000000c8100000, 0x00000000c8200000|  0%| F|  |TAMS 0x00000000c8100000, 0x00000000c8100000| Untracked 
| 104|0x00000000c8200000, 0x00000000c8200000, 0x00000000c8300000|  0%| F|  |TAMS 0x00000000c8200000, 0x00000000c8200000| Untracked 
| 105|0x00000000c8300000, 0x00000000c8300000, 0x00000000c8400000|  0%| F|  |TAMS 0x00000000c8300000, 0x00000000c8300000| Untracked 
| 106|0x00000000c8400000, 0x00000000c8400000, 0x00000000c8500000|  0%| F|  |TAMS 0x00000000c8400000, 0x00000000c8400000| Untracked 
| 107|0x00000000c8500000, 0x00000000c8500000, 0x00000000c8600000|  0%| F|  |TAMS 0x00000000c8500000, 0x00000000c8500000| Untracked 
| 108|0x00000000c8600000, 0x00000000c8600000, 0x00000000c8700000|  0%| F|  |TAMS 0x00000000c8600000, 0x00000000c8600000| Untracked 
| 109|0x00000000c8700000, 0x00000000c8700000, 0x00000000c8800000|  0%| F|  |TAMS 0x00000000c8700000, 0x00000000c8700000| Untracked 
| 110|0x00000000c8800000, 0x00000000c8800000, 0x00000000c8900000|  0%| F|  |TAMS 0x00000000c8800000, 0x00000000c8800000| Untracked 
| 111|0x00000000c8900000, 0x00000000c8900000, 0x00000000c8a00000|  0%| F|  |TAMS 0x00000000c8900000, 0x00000000c8900000| Untracked 
| 112|0x00000000c8a00000, 0x00000000c8a00000, 0x00000000c8b00000|  0%| F|  |TAMS 0x00000000c8a00000, 0x00000000c8a00000| Untracked 
| 113|0x00000000c8b00000, 0x00000000c8b00000, 0x00000000c8c00000|  0%| F|  |TAMS 0x00000000c8b00000, 0x00000000c8b00000| Untracked 
| 114|0x00000000c8c00000, 0x00000000c8c00000, 0x00000000c8d00000|  0%| F|  |TAMS 0x00000000c8c00000, 0x00000000c8c00000| Untracked 
| 115|0x00000000c8d00000, 0x00000000c8d00000, 0x00000000c8e00000|  0%| F|  |TAMS 0x00000000c8d00000, 0x00000000c8d00000| Untracked 
| 116|0x00000000c8e00000, 0x00000000c8e00000, 0x00000000c8f00000|  0%| F|  |TAMS 0x00000000c8e00000, 0x00000000c8e00000| Untracked 
| 117|0x00000000c8f00000, 0x00000000c8f00000, 0x00000000c9000000|  0%| F|  |TAMS 0x00000000c8f00000, 0x00000000c8f00000| Untracked 
| 118|0x00000000c9000000, 0x00000000c9000000, 0x00000000c9100000|  0%| F|  |TAMS 0x00000000c9000000, 0x00000000c9000000| Untracked 
| 119|0x00000000c9100000, 0x00000000c9100000, 0x00000000c9200000|  0%| F|  |TAMS 0x00000000c9100000, 0x00000000c9100000| Untracked 
| 120|0x00000000c9200000, 0x00000000c9200000, 0x00000000c9300000|  0%| F|  |TAMS 0x00000000c9200000, 0x00000000c9200000| Untracked 
| 121|0x00000000c9300000, 0x00000000c9300000, 0x00000000c9400000|  0%| F|  |TAMS 0x00000000c9300000, 0x00000000c9300000| Untracked 
| 122|0x00000000c9400000, 0x00000000c9400000, 0x00000000c9500000|  0%| F|  |TAMS 0x00000000c9400000, 0x00000000c9400000| Untracked 
| 123|0x00000000c9500000, 0x00000000c9500000, 0x00000000c9600000|  0%| F|  |TAMS 0x00000000c9500000, 0x00000000c9500000| Untracked 
| 124|0x00000000c9600000, 0x00000000c9600000, 0x00000000c9700000|  0%| F|  |TAMS 0x00000000c9600000, 0x00000000c9600000| Untracked 
| 125|0x00000000c9700000, 0x00000000c9700000, 0x00000000c9800000|  0%| F|  |TAMS 0x00000000c9700000, 0x00000000c9700000| Untracked 
| 126|0x00000000c9800000, 0x00000000c9800000, 0x00000000c9900000|  0%| F|  |TAMS 0x00000000c9800000, 0x00000000c9800000| Untracked 
| 127|0x00000000c9900000, 0x00000000c9900000, 0x00000000c9a00000|  0%| F|  |TAMS 0x00000000c9900000, 0x00000000c9900000| Untracked 
| 128|0x00000000c9a00000, 0x00000000c9a00000, 0x00000000c9b00000|  0%| F|  |TAMS 0x00000000c9a00000, 0x00000000c9a00000| Untracked 
| 129|0x00000000c9b00000, 0x00000000c9b00000, 0x00000000c9c00000|  0%| F|  |TAMS 0x00000000c9b00000, 0x00000000c9b00000| Untracked 
| 130|0x00000000c9c00000, 0x00000000c9c00000, 0x00000000c9d00000|  0%| F|  |TAMS 0x00000000c9c00000, 0x00000000c9c00000| Untracked 
| 131|0x00000000c9d00000, 0x00000000c9d00000, 0x00000000c9e00000|  0%| F|  |TAMS 0x00000000c9d00000, 0x00000000c9d00000| Untracked 
| 132|0x00000000c9e00000, 0x00000000c9e00000, 0x00000000c9f00000|  0%| F|  |TAMS 0x00000000c9e00000, 0x00000000c9e00000| Untracked 
| 133|0x00000000c9f00000, 0x00000000c9f00000, 0x00000000ca000000|  0%| F|  |TAMS 0x00000000c9f00000, 0x00000000c9f00000| Untracked 
| 134|0x00000000ca000000, 0x00000000ca000000, 0x00000000ca100000|  0%| F|  |TAMS 0x00000000ca000000, 0x00000000ca000000| Untracked 
| 135|0x00000000ca100000, 0x00000000ca100000, 0x00000000ca200000|  0%| F|  |TAMS 0x00000000ca100000, 0x00000000ca100000| Untracked 
| 136|0x00000000ca200000, 0x00000000ca200000, 0x00000000ca300000|  0%| F|  |TAMS 0x00000000ca200000, 0x00000000ca200000| Untracked 
| 137|0x00000000ca300000, 0x00000000ca300000, 0x00000000ca400000|  0%| F|  |TAMS 0x00000000ca300000, 0x00000000ca300000| Untracked 
| 138|0x00000000ca400000, 0x00000000ca400000, 0x00000000ca500000|  0%| F|  |TAMS 0x00000000ca400000, 0x00000000ca400000| Untracked 
| 139|0x00000000ca500000, 0x00000000ca500000, 0x00000000ca600000|  0%| F|  |TAMS 0x00000000ca500000, 0x00000000ca500000| Untracked 
| 140|0x00000000ca600000, 0x00000000ca600000, 0x00000000ca700000|  0%| F|  |TAMS 0x00000000ca600000, 0x00000000ca600000| Untracked 
| 141|0x00000000ca700000, 0x00000000ca700000, 0x00000000ca800000|  0%| F|  |TAMS 0x00000000ca700000, 0x00000000ca700000| Untracked 
| 142|0x00000000ca800000, 0x00000000ca800000, 0x00000000ca900000|  0%| F|  |TAMS 0x00000000ca800000, 0x00000000ca800000| Untracked 
| 143|0x00000000ca900000, 0x00000000ca900000, 0x00000000caa00000|  0%| F|  |TAMS 0x00000000ca900000, 0x00000000ca900000| Untracked 
| 144|0x00000000caa00000, 0x00000000caa00000, 0x00000000cab00000|  0%| F|  |TAMS 0x00000000caa00000, 0x00000000caa00000| Untracked 
| 145|0x00000000cab00000, 0x00000000cab00000, 0x00000000cac00000|  0%| F|  |TAMS 0x00000000cab00000, 0x00000000cab00000| Untracked 
| 146|0x00000000cac00000, 0x00000000cac00000, 0x00000000cad00000|  0%| F|  |TAMS 0x00000000cac00000, 0x00000000cac00000| Untracked 
| 147|0x00000000cad00000, 0x00000000cad00000, 0x00000000cae00000|  0%| F|  |TAMS 0x00000000cad00000, 0x00000000cad00000| Untracked 
| 148|0x00000000cae00000, 0x00000000cae00000, 0x00000000caf00000|  0%| F|  |TAMS 0x00000000cae00000, 0x00000000cae00000| Untracked 
| 149|0x00000000caf00000, 0x00000000caf00000, 0x00000000cb000000|  0%| F|  |TAMS 0x00000000caf00000, 0x00000000caf00000| Untracked 
| 150|0x00000000cb000000, 0x00000000cb000000, 0x00000000cb100000|  0%| F|  |TAMS 0x00000000cb000000, 0x00000000cb000000| Untracked 
| 151|0x00000000cb100000, 0x00000000cb100000, 0x00000000cb200000|  0%| F|  |TAMS 0x00000000cb100000, 0x00000000cb100000| Untracked 
| 152|0x00000000cb200000, 0x00000000cb200000, 0x00000000cb300000|  0%| F|  |TAMS 0x00000000cb200000, 0x00000000cb200000| Untracked 
| 153|0x00000000cb300000, 0x00000000cb300000, 0x00000000cb400000|  0%| F|  |TAMS 0x00000000cb300000, 0x00000000cb300000| Untracked 
| 154|0x00000000cb400000, 0x00000000cb400000, 0x00000000cb500000|  0%| F|  |TAMS 0x00000000cb400000, 0x00000000cb400000| Untracked 
| 155|0x00000000cb500000, 0x00000000cb500000, 0x00000000cb600000|  0%| F|  |TAMS 0x00000000cb500000, 0x00000000cb500000| Untracked 
| 156|0x00000000cb600000, 0x00000000cb600000, 0x00000000cb700000|  0%| F|  |TAMS 0x00000000cb600000, 0x00000000cb600000| Untracked 
| 157|0x00000000cb700000, 0x00000000cb700000, 0x00000000cb800000|  0%| F|  |TAMS 0x00000000cb700000, 0x00000000cb700000| Untracked 
| 158|0x00000000cb800000, 0x00000000cb800000, 0x00000000cb900000|  0%| F|  |TAMS 0x00000000cb800000, 0x00000000cb800000| Untracked 
| 159|0x00000000cb900000, 0x00000000cb900000, 0x00000000cba00000|  0%| F|  |TAMS 0x00000000cb900000, 0x00000000cb900000| Untracked 
| 160|0x00000000cba00000, 0x00000000cba00000, 0x00000000cbb00000|  0%| F|  |TAMS 0x00000000cba00000, 0x00000000cba00000| Untracked 
| 161|0x00000000cbb00000, 0x00000000cbb00000, 0x00000000cbc00000|  0%| F|  |TAMS 0x00000000cbb00000, 0x00000000cbb00000| Untracked 
| 162|0x00000000cbc00000, 0x00000000cbc00000, 0x00000000cbd00000|  0%| F|  |TAMS 0x00000000cbc00000, 0x00000000cbc00000| Untracked 
| 163|0x00000000cbd00000, 0x00000000cbd00000, 0x00000000cbe00000|  0%| F|  |TAMS 0x00000000cbd00000, 0x00000000cbd00000| Untracked 
| 164|0x00000000cbe00000, 0x00000000cbe00000, 0x00000000cbf00000|  0%| F|  |TAMS 0x00000000cbe00000, 0x00000000cbe00000| Untracked 
| 165|0x00000000cbf00000, 0x00000000cbf00000, 0x00000000cc000000|  0%| F|  |TAMS 0x00000000cbf00000, 0x00000000cbf00000| Untracked 
| 166|0x00000000cc000000, 0x00000000cc000000, 0x00000000cc100000|  0%| F|  |TAMS 0x00000000cc000000, 0x00000000cc000000| Untracked 
| 167|0x00000000cc100000, 0x00000000cc100000, 0x00000000cc200000|  0%| F|  |TAMS 0x00000000cc100000, 0x00000000cc100000| Untracked 
| 168|0x00000000cc200000, 0x00000000cc200000, 0x00000000cc300000|  0%| F|  |TAMS 0x00000000cc200000, 0x00000000cc200000| Untracked 
| 169|0x00000000cc300000, 0x00000000cc300000, 0x00000000cc400000|  0%| F|  |TAMS 0x00000000cc300000, 0x00000000cc300000| Untracked 
| 170|0x00000000cc400000, 0x00000000cc400000, 0x00000000cc500000|  0%| F|  |TAMS 0x00000000cc400000, 0x00000000cc400000| Untracked 
| 171|0x00000000cc500000, 0x00000000cc500000, 0x00000000cc600000|  0%| F|  |TAMS 0x00000000cc500000, 0x00000000cc500000| Untracked 
| 172|0x00000000cc600000, 0x00000000cc600000, 0x00000000cc700000|  0%| F|  |TAMS 0x00000000cc600000, 0x00000000cc600000| Untracked 
| 173|0x00000000cc700000, 0x00000000cc700000, 0x00000000cc800000|  0%| F|  |TAMS 0x00000000cc700000, 0x00000000cc700000| Untracked 
| 174|0x00000000cc800000, 0x00000000cc800000, 0x00000000cc900000|  0%| F|  |TAMS 0x00000000cc800000, 0x00000000cc800000| Untracked 
| 175|0x00000000cc900000, 0x00000000cc900000, 0x00000000cca00000|  0%| F|  |TAMS 0x00000000cc900000, 0x00000000cc900000| Untracked 
| 176|0x00000000cca00000, 0x00000000cca00000, 0x00000000ccb00000|  0%| F|  |TAMS 0x00000000cca00000, 0x00000000cca00000| Untracked 
| 177|0x00000000ccb00000, 0x00000000ccb00000, 0x00000000ccc00000|  0%| F|  |TAMS 0x00000000ccb00000, 0x00000000ccb00000| Untracked 
| 178|0x00000000ccc00000, 0x00000000ccc00000, 0x00000000ccd00000|  0%| F|  |TAMS 0x00000000ccc00000, 0x00000000ccc00000| Untracked 
| 179|0x00000000ccd00000, 0x00000000ccd00000, 0x00000000cce00000|  0%| F|  |TAMS 0x00000000ccd00000, 0x00000000ccd00000| Untracked 
| 180|0x00000000cce00000, 0x00000000cce00000, 0x00000000ccf00000|  0%| F|  |TAMS 0x00000000cce00000, 0x00000000cce00000| Untracked 
| 181|0x00000000ccf00000, 0x00000000ccf00000, 0x00000000cd000000|  0%| F|  |TAMS 0x00000000ccf00000, 0x00000000ccf00000| Untracked 
| 182|0x00000000cd000000, 0x00000000cd000000, 0x00000000cd100000|  0%| F|  |TAMS 0x00000000cd000000, 0x00000000cd000000| Untracked 
| 183|0x00000000cd100000, 0x00000000cd100000, 0x00000000cd200000|  0%| F|  |TAMS 0x00000000cd100000, 0x00000000cd100000| Untracked 
| 184|0x00000000cd200000, 0x00000000cd200000, 0x00000000cd300000|  0%| F|  |TAMS 0x00000000cd200000, 0x00000000cd200000| Untracked 
| 185|0x00000000cd300000, 0x00000000cd300000, 0x00000000cd400000|  0%| F|  |TAMS 0x00000000cd300000, 0x00000000cd300000| Untracked 
| 186|0x00000000cd400000, 0x00000000cd400000, 0x00000000cd500000|  0%| F|  |TAMS 0x00000000cd400000, 0x00000000cd400000| Untracked 
| 187|0x00000000cd500000, 0x00000000cd500000, 0x00000000cd600000|  0%| F|  |TAMS 0x00000000cd500000, 0x00000000cd500000| Untracked 
| 188|0x00000000cd600000, 0x00000000cd600000, 0x00000000cd700000|  0%| F|  |TAMS 0x00000000cd600000, 0x00000000cd600000| Untracked 
| 189|0x00000000cd700000, 0x00000000cd700000, 0x00000000cd800000|  0%| F|  |TAMS 0x00000000cd700000, 0x00000000cd700000| Untracked 
| 190|0x00000000cd800000, 0x00000000cd800000, 0x00000000cd900000|  0%| F|  |TAMS 0x00000000cd800000, 0x00000000cd800000| Untracked 
| 191|0x00000000cd900000, 0x00000000cd900000, 0x00000000cda00000|  0%| F|  |TAMS 0x00000000cd900000, 0x00000000cd900000| Untracked 
| 192|0x00000000cda00000, 0x00000000cda00000, 0x00000000cdb00000|  0%| F|  |TAMS 0x00000000cda00000, 0x00000000cda00000| Untracked 
| 193|0x00000000cdb00000, 0x00000000cdb00000, 0x00000000cdc00000|  0%| F|  |TAMS 0x00000000cdb00000, 0x00000000cdb00000| Untracked 
| 194|0x00000000cdc00000, 0x00000000cdc00000, 0x00000000cdd00000|  0%| F|  |TAMS 0x00000000cdc00000, 0x00000000cdc00000| Untracked 
| 195|0x00000000cdd00000, 0x00000000cdd00000, 0x00000000cde00000|  0%| F|  |TAMS 0x00000000cdd00000, 0x00000000cdd00000| Untracked 
| 196|0x00000000cde00000, 0x00000000cde00000, 0x00000000cdf00000|  0%| F|  |TAMS 0x00000000cde00000, 0x00000000cde00000| Untracked 
| 197|0x00000000cdf00000, 0x00000000cdf00000, 0x00000000ce000000|  0%| F|  |TAMS 0x00000000cdf00000, 0x00000000cdf00000| Untracked 
| 198|0x00000000ce000000, 0x00000000ce000000, 0x00000000ce100000|  0%| F|  |TAMS 0x00000000ce000000, 0x00000000ce000000| Untracked 
| 199|0x00000000ce100000, 0x00000000ce100000, 0x00000000ce200000|  0%| F|  |TAMS 0x00000000ce100000, 0x00000000ce100000| Untracked 
| 200|0x00000000ce200000, 0x00000000ce200000, 0x00000000ce300000|  0%| F|  |TAMS 0x00000000ce200000, 0x00000000ce200000| Untracked 
| 201|0x00000000ce300000, 0x00000000ce300000, 0x00000000ce400000|  0%| F|  |TAMS 0x00000000ce300000, 0x00000000ce300000| Untracked 
| 202|0x00000000ce400000, 0x00000000ce400000, 0x00000000ce500000|  0%| F|  |TAMS 0x00000000ce400000, 0x00000000ce400000| Untracked 
| 203|0x00000000ce500000, 0x00000000ce500000, 0x00000000ce600000|  0%| F|  |TAMS 0x00000000ce500000, 0x00000000ce500000| Untracked 
| 204|0x00000000ce600000, 0x00000000ce600000, 0x00000000ce700000|  0%| F|  |TAMS 0x00000000ce600000, 0x00000000ce600000| Untracked 
| 205|0x00000000ce700000, 0x00000000ce700000, 0x00000000ce800000|  0%| F|  |TAMS 0x00000000ce700000, 0x00000000ce700000| Untracked 
| 206|0x00000000ce800000, 0x00000000ce800000, 0x00000000ce900000|  0%| F|  |TAMS 0x00000000ce800000, 0x00000000ce800000| Untracked 
| 207|0x00000000ce900000, 0x00000000ce900000, 0x00000000cea00000|  0%| F|  |TAMS 0x00000000ce900000, 0x00000000ce900000| Untracked 
| 208|0x00000000cea00000, 0x00000000cea00000, 0x00000000ceb00000|  0%| F|  |TAMS 0x00000000cea00000, 0x00000000cea00000| Untracked 
| 209|0x00000000ceb00000, 0x00000000ceb00000, 0x00000000cec00000|  0%| F|  |TAMS 0x00000000ceb00000, 0x00000000ceb00000| Untracked 
| 210|0x00000000cec00000, 0x00000000cec00000, 0x00000000ced00000|  0%| F|  |TAMS 0x00000000cec00000, 0x00000000cec00000| Untracked 
| 211|0x00000000ced00000, 0x00000000ced00000, 0x00000000cee00000|  0%| F|  |TAMS 0x00000000ced00000, 0x00000000ced00000| Untracked 
| 212|0x00000000cee00000, 0x00000000cee00000, 0x00000000cef00000|  0%| F|  |TAMS 0x00000000cee00000, 0x00000000cee00000| Untracked 
| 213|0x00000000cef00000, 0x00000000cef00000, 0x00000000cf000000|  0%| F|  |TAMS 0x00000000cef00000, 0x00000000cef00000| Untracked 
| 214|0x00000000cf000000, 0x00000000cf000000, 0x00000000cf100000|  0%| F|  |TAMS 0x00000000cf000000, 0x00000000cf000000| Untracked 
| 215|0x00000000cf100000, 0x00000000cf100000, 0x00000000cf200000|  0%| F|  |TAMS 0x00000000cf100000, 0x00000000cf100000| Untracked 
| 216|0x00000000cf200000, 0x00000000cf200000, 0x00000000cf300000|  0%| F|  |TAMS 0x00000000cf200000, 0x00000000cf200000| Untracked 
| 217|0x00000000cf300000, 0x00000000cf300000, 0x00000000cf400000|  0%| F|  |TAMS 0x00000000cf300000, 0x00000000cf300000| Untracked 
| 218|0x00000000cf400000, 0x00000000cf400000, 0x00000000cf500000|  0%| F|  |TAMS 0x00000000cf400000, 0x00000000cf400000| Untracked 
| 219|0x00000000cf500000, 0x00000000cf500000, 0x00000000cf600000|  0%| F|  |TAMS 0x00000000cf500000, 0x00000000cf500000| Untracked 
| 220|0x00000000cf600000, 0x00000000cf600000, 0x00000000cf700000|  0%| F|  |TAMS 0x00000000cf600000, 0x00000000cf600000| Untracked 
| 221|0x00000000cf700000, 0x00000000cf700000, 0x00000000cf800000|  0%| F|  |TAMS 0x00000000cf700000, 0x00000000cf700000| Untracked 
| 222|0x00000000cf800000, 0x00000000cf800000, 0x00000000cf900000|  0%| F|  |TAMS 0x00000000cf800000, 0x00000000cf800000| Untracked 
| 223|0x00000000cf900000, 0x00000000cf900000, 0x00000000cfa00000|  0%| F|  |TAMS 0x00000000cf900000, 0x00000000cf900000| Untracked 
| 224|0x00000000cfa00000, 0x00000000cfa00000, 0x00000000cfb00000|  0%| F|  |TAMS 0x00000000cfa00000, 0x00000000cfa00000| Untracked 
| 225|0x00000000cfb00000, 0x00000000cfb00000, 0x00000000cfc00000|  0%| F|  |TAMS 0x00000000cfb00000, 0x00000000cfb00000| Untracked 
| 226|0x00000000cfc00000, 0x00000000cfc00000, 0x00000000cfd00000|  0%| F|  |TAMS 0x00000000cfc00000, 0x00000000cfc00000| Untracked 
| 227|0x00000000cfd00000, 0x00000000cfd00000, 0x00000000cfe00000|  0%| F|  |TAMS 0x00000000cfd00000, 0x00000000cfd00000| Untracked 
| 228|0x00000000cfe00000, 0x00000000cfe00000, 0x00000000cff00000|  0%| F|  |TAMS 0x00000000cfe00000, 0x00000000cfe00000| Untracked 
| 229|0x00000000cff00000, 0x00000000cff00000, 0x00000000d0000000|  0%| F|  |TAMS 0x00000000cff00000, 0x00000000cff00000| Untracked 
| 230|0x00000000d0000000, 0x00000000d0000000, 0x00000000d0100000|  0%| F|  |TAMS 0x00000000d0000000, 0x00000000d0000000| Untracked 
| 231|0x00000000d0100000, 0x00000000d0100000, 0x00000000d0200000|  0%| F|  |TAMS 0x00000000d0100000, 0x00000000d0100000| Untracked 
| 232|0x00000000d0200000, 0x00000000d0200000, 0x00000000d0300000|  0%| F|  |TAMS 0x00000000d0200000, 0x00000000d0200000| Untracked 
| 233|0x00000000d0300000, 0x00000000d0300000, 0x00000000d0400000|  0%| F|  |TAMS 0x00000000d0300000, 0x00000000d0300000| Untracked 
| 234|0x00000000d0400000, 0x00000000d0400000, 0x00000000d0500000|  0%| F|  |TAMS 0x00000000d0400000, 0x00000000d0400000| Untracked 
| 235|0x00000000d0500000, 0x00000000d0500000, 0x00000000d0600000|  0%| F|  |TAMS 0x00000000d0500000, 0x00000000d0500000| Untracked 
| 236|0x00000000d0600000, 0x00000000d0600000, 0x00000000d0700000|  0%| F|  |TAMS 0x00000000d0600000, 0x00000000d0600000| Untracked 
| 237|0x00000000d0700000, 0x00000000d0700000, 0x00000000d0800000|  0%| F|  |TAMS 0x00000000d0700000, 0x00000000d0700000| Untracked 
| 238|0x00000000d0800000, 0x00000000d0800000, 0x00000000d0900000|  0%| F|  |TAMS 0x00000000d0800000, 0x00000000d0800000| Untracked 
| 239|0x00000000d0900000, 0x00000000d0900000, 0x00000000d0a00000|  0%| F|  |TAMS 0x00000000d0900000, 0x00000000d0900000| Untracked 
| 240|0x00000000d0a00000, 0x00000000d0a00000, 0x00000000d0b00000|  0%| F|  |TAMS 0x00000000d0a00000, 0x00000000d0a00000| Untracked 
| 241|0x00000000d0b00000, 0x00000000d0b00000, 0x00000000d0c00000|  0%| F|  |TAMS 0x00000000d0b00000, 0x00000000d0b00000| Untracked 
| 242|0x00000000d0c00000, 0x00000000d0c00000, 0x00000000d0d00000|  0%| F|  |TAMS 0x00000000d0c00000, 0x00000000d0c00000| Untracked 
| 243|0x00000000d0d00000, 0x00000000d0d00000, 0x00000000d0e00000|  0%| F|  |TAMS 0x00000000d0d00000, 0x00000000d0d00000| Untracked 
| 244|0x00000000d0e00000, 0x00000000d0e00000, 0x00000000d0f00000|  0%| F|  |TAMS 0x00000000d0e00000, 0x00000000d0e00000| Untracked 
| 245|0x00000000d0f00000, 0x00000000d0f00000, 0x00000000d1000000|  0%| F|  |TAMS 0x00000000d0f00000, 0x00000000d0f00000| Untracked 
| 246|0x00000000d1000000, 0x00000000d1000000, 0x00000000d1100000|  0%| F|  |TAMS 0x00000000d1000000, 0x00000000d1000000| Untracked 
| 247|0x00000000d1100000, 0x00000000d1100000, 0x00000000d1200000|  0%| F|  |TAMS 0x00000000d1100000, 0x00000000d1100000| Untracked 
| 248|0x00000000d1200000, 0x00000000d1200000, 0x00000000d1300000|  0%| F|  |TAMS 0x00000000d1200000, 0x00000000d1200000| Untracked 
| 249|0x00000000d1300000, 0x00000000d1300000, 0x00000000d1400000|  0%| F|  |TAMS 0x00000000d1300000, 0x00000000d1300000| Untracked 
| 250|0x00000000d1400000, 0x00000000d1400000, 0x00000000d1500000|  0%| F|  |TAMS 0x00000000d1400000, 0x00000000d1400000| Untracked 
| 251|0x00000000d1500000, 0x00000000d1500000, 0x00000000d1600000|  0%| F|  |TAMS 0x00000000d1500000, 0x00000000d1500000| Untracked 
| 252|0x00000000d1600000, 0x00000000d1600000, 0x00000000d1700000|  0%| F|  |TAMS 0x00000000d1600000, 0x00000000d1600000| Untracked 
| 253|0x00000000d1700000, 0x00000000d1700000, 0x00000000d1800000|  0%| F|  |TAMS 0x00000000d1700000, 0x00000000d1700000| Untracked 
| 254|0x00000000d1800000, 0x00000000d1800000, 0x00000000d1900000|  0%| F|  |TAMS 0x00000000d1800000, 0x00000000d1800000| Untracked 
| 255|0x00000000d1900000, 0x00000000d1900000, 0x00000000d1a00000|  0%| F|  |TAMS 0x00000000d1900000, 0x00000000d1900000| Untracked 
| 256|0x00000000d1a00000, 0x00000000d1a00000, 0x00000000d1b00000|  0%| F|  |TAMS 0x00000000d1a00000, 0x00000000d1a00000| Untracked 
| 257|0x00000000d1b00000, 0x00000000d1b00000, 0x00000000d1c00000|  0%| F|  |TAMS 0x00000000d1b00000, 0x00000000d1b00000| Untracked 
| 258|0x00000000d1c00000, 0x00000000d1c00000, 0x00000000d1d00000|  0%| F|  |TAMS 0x00000000d1c00000, 0x00000000d1c00000| Untracked 
| 259|0x00000000d1d00000, 0x00000000d1d00000, 0x00000000d1e00000|  0%| F|  |TAMS 0x00000000d1d00000, 0x00000000d1d00000| Untracked 
| 260|0x00000000d1e00000, 0x00000000d1e00000, 0x00000000d1f00000|  0%| F|  |TAMS 0x00000000d1e00000, 0x00000000d1e00000| Untracked 
| 261|0x00000000d1f00000, 0x00000000d1f00000, 0x00000000d2000000|  0%| F|  |TAMS 0x00000000d1f00000, 0x00000000d1f00000| Untracked 
| 262|0x00000000d2000000, 0x00000000d2000000, 0x00000000d2100000|  0%| F|  |TAMS 0x00000000d2000000, 0x00000000d2000000| Untracked 
| 263|0x00000000d2100000, 0x00000000d2100000, 0x00000000d2200000|  0%| F|  |TAMS 0x00000000d2100000, 0x00000000d2100000| Untracked 
| 264|0x00000000d2200000, 0x00000000d2200000, 0x00000000d2300000|  0%| F|  |TAMS 0x00000000d2200000, 0x00000000d2200000| Untracked 
| 265|0x00000000d2300000, 0x00000000d2300000, 0x00000000d2400000|  0%| F|  |TAMS 0x00000000d2300000, 0x00000000d2300000| Untracked 
| 266|0x00000000d2400000, 0x00000000d2400000, 0x00000000d2500000|  0%| F|  |TAMS 0x00000000d2400000, 0x00000000d2400000| Untracked 
| 267|0x00000000d2500000, 0x00000000d2500000, 0x00000000d2600000|  0%| F|  |TAMS 0x00000000d2500000, 0x00000000d2500000| Untracked 
| 268|0x00000000d2600000, 0x00000000d2600000, 0x00000000d2700000|  0%| F|  |TAMS 0x00000000d2600000, 0x00000000d2600000| Untracked 
| 269|0x00000000d2700000, 0x00000000d2700000, 0x00000000d2800000|  0%| F|  |TAMS 0x00000000d2700000, 0x00000000d2700000| Untracked 
| 270|0x00000000d2800000, 0x00000000d2800000, 0x00000000d2900000|  0%| F|  |TAMS 0x00000000d2800000, 0x00000000d2800000| Untracked 
| 271|0x00000000d2900000, 0x00000000d2900000, 0x00000000d2a00000|  0%| F|  |TAMS 0x00000000d2900000, 0x00000000d2900000| Untracked 
| 272|0x00000000d2a00000, 0x00000000d2a00000, 0x00000000d2b00000|  0%| F|  |TAMS 0x00000000d2a00000, 0x00000000d2a00000| Untracked 
| 273|0x00000000d2b00000, 0x00000000d2b00000, 0x00000000d2c00000|  0%| F|  |TAMS 0x00000000d2b00000, 0x00000000d2b00000| Untracked 
| 274|0x00000000d2c00000, 0x00000000d2c00000, 0x00000000d2d00000|  0%| F|  |TAMS 0x00000000d2c00000, 0x00000000d2c00000| Untracked 
| 275|0x00000000d2d00000, 0x00000000d2d00000, 0x00000000d2e00000|  0%| F|  |TAMS 0x00000000d2d00000, 0x00000000d2d00000| Untracked 
| 276|0x00000000d2e00000, 0x00000000d2e00000, 0x00000000d2f00000|  0%| F|  |TAMS 0x00000000d2e00000, 0x00000000d2e00000| Untracked 
| 277|0x00000000d2f00000, 0x00000000d2f8ebf0, 0x00000000d3000000| 55%| S|CS|TAMS 0x00000000d2f00000, 0x00000000d2f00000| Complete 
| 278|0x00000000d3000000, 0x00000000d3000000, 0x00000000d3100000|  0%| F|  |TAMS 0x00000000d3000000, 0x00000000d3000000| Untracked 
| 279|0x00000000d3100000, 0x00000000d3100000, 0x00000000d3200000|  0%| F|  |TAMS 0x00000000d3100000, 0x00000000d3100000| Untracked 
| 280|0x00000000d3200000, 0x00000000d3200000, 0x00000000d3300000|  0%| F|  |TAMS 0x00000000d3200000, 0x00000000d3200000| Untracked 
| 281|0x00000000d3300000, 0x00000000d3300000, 0x00000000d3400000|  0%| F|  |TAMS 0x00000000d3300000, 0x00000000d3300000| Untracked 
| 282|0x00000000d3400000, 0x00000000d3400000, 0x00000000d3500000|  0%| F|  |TAMS 0x00000000d3400000, 0x00000000d3400000| Untracked 
| 283|0x00000000d3500000, 0x00000000d3500000, 0x00000000d3600000|  0%| F|  |TAMS 0x00000000d3500000, 0x00000000d3500000| Untracked 
| 284|0x00000000d3600000, 0x00000000d3600000, 0x00000000d3700000|  0%| F|  |TAMS 0x00000000d3600000, 0x00000000d3600000| Untracked 
| 285|0x00000000d3700000, 0x00000000d3700000, 0x00000000d3800000|  0%| F|  |TAMS 0x00000000d3700000, 0x00000000d3700000| Untracked 
| 286|0x00000000d3800000, 0x00000000d3800000, 0x00000000d3900000|  0%| F|  |TAMS 0x00000000d3800000, 0x00000000d3800000| Untracked 
| 287|0x00000000d3900000, 0x00000000d3900000, 0x00000000d3a00000|  0%| F|  |TAMS 0x00000000d3900000, 0x00000000d3900000| Untracked 
| 288|0x00000000d3a00000, 0x00000000d3a00000, 0x00000000d3b00000|  0%| F|  |TAMS 0x00000000d3a00000, 0x00000000d3a00000| Untracked 
| 289|0x00000000d3b00000, 0x00000000d3b00000, 0x00000000d3c00000|  0%| F|  |TAMS 0x00000000d3b00000, 0x00000000d3b00000| Untracked 
| 290|0x00000000d3c00000, 0x00000000d3c00000, 0x00000000d3d00000|  0%| F|  |TAMS 0x00000000d3c00000, 0x00000000d3c00000| Untracked 

Card table byte_map: [0x0000027dfc160000,0x0000027dfc360000] _byte_map_base: 0x0000027dfbb53000

Marking Bits (Prev, Next): (CMBitMap*) 0x0000027dfbec5d20, (CMBitMap*) 0x0000027dfbec5d60
 Prev Bits: [0x0000027dfc560000, 0x0000027dfd4f8000)
 Next Bits: [0x0000027dfd500000, 0x0000027dfe498000)

Polling page: 0x0000027df9e30000

Metaspace:

Usage:
  Non-class:     53.44 MB used.
      Class:      8.04 MB used.
       Both:     61.48 MB used.

Virtual space:
  Non-class space:       56.00 MB reserved,      53.62 MB ( 96%) committed,  7 nodes.
      Class space:        1.00 GB reserved,       8.25 MB ( <1%) committed,  1 nodes.
             Both:        1.05 GB reserved,      61.88 MB (  6%) committed. 

Chunk freelists:
   Non-Class:  2.09 MB
       Class:  3.81 MB
        Both:  5.90 MB

MaxMetaspaceSize: unlimited
CompressedClassSpaceSize: 1.00 GB
Initial GC threshold: 21.00 MB
Current GC threshold: 100.00 MB
CDS: on
MetaspaceReclaimPolicy: balanced
 - commit_granule_bytes: 65536.
 - commit_granule_words: 8192.
 - virtual_space_node_default_size: 1048576.
 - enlarge_chunks_in_place: 1.
 - new_chunks_are_fully_committed: 0.
 - uncommit_free_chunks: 1.
 - use_allocation_guard: 0.
 - handle_deallocations: 1.


Internal statistics:

num_allocs_failed_limit: 6.
num_arena_births: 456.
num_arena_deaths: 0.
num_vsnodes_births: 8.
num_vsnodes_deaths: 0.
num_space_committed: 990.
num_space_uncommitted: 0.
num_chunks_returned_to_freelist: 6.
num_chunks_taken_from_freelist: 2521.
num_chunk_merges: 3.
num_chunk_splits: 1822.
num_chunks_enlarged: 1471.
num_purges: 0.
num_inconsistent_stats: 0.

CodeHeap 'non-profiled nmethods': size=120000Kb used=4228Kb max_used=4228Kb free=115771Kb
 bounds [0x0000027d8f270000, 0x0000027d8f6a0000, 0x0000027d967a0000]
CodeHeap 'profiled nmethods': size=120000Kb used=13401Kb max_used=13401Kb free=106598Kb
 bounds [0x0000027d87d40000, 0x0000027d88a60000, 0x0000027d8f270000]
CodeHeap 'non-nmethods': size=5760Kb used=1353Kb max_used=1389Kb free=4406Kb
 bounds [0x0000027d877a0000, 0x0000027d87a10000, 0x0000027d87d40000]
 total_blobs=7138 nmethods=6451 adapters=599
 compilation: enabled
              stopped_count=0, restarted_count=0
 full_count=0

Compilation events (20 events):
Event: 12598.595 Thread 0x0000027dfe949330 7430       4       java.util.HashMap::values (25 bytes)
Event: 12598.602 Thread 0x0000027dfe949330 nmethod 7430 0x0000027d8f68f790 code [0x0000027d8f68f920, 0x0000027d8f68fad8]
Event: 12611.110 Thread 0x0000027dfbf5d5e0 7431       3       java.util.HashMap$KeySpliterator::characteristics (30 bytes)
Event: 12611.111 Thread 0x0000027dfbf5d5e0 nmethod 7431 0x0000027d88a54890 code [0x0000027d88a54a20, 0x0000027d88a54bd8]
Event: 12611.189 Thread 0x0000027dfe949330 7432       4       com.mysql.cj.conf.DefaultPropertySet::getBooleanProperty (6 bytes)
Event: 12611.437 Thread 0x0000027dfe949330 nmethod 7432 0x0000027d8f68fb90 code [0x0000027d8f68fd60, 0x0000027d8f6900e8]
Event: 12611.437 Thread 0x0000027dfe949330 7433       4       sun.security.provider.HashDrbg::addBytes (130 bytes)
Event: 12611.450 Thread 0x0000027dfe949330 nmethod 7433 0x0000027d8f690510 code [0x0000027d8f6906a0, 0x0000027d8f690a78]
Event: 12626.327 Thread 0x0000027dfbf5d5e0 7434       3       java.lang.Thread::checkAccess (14 bytes)
Event: 12626.357 Thread 0x0000027dfbf5d5e0 nmethod 7434 0x0000027d88a54c90 code [0x0000027d88a54e60, 0x0000027d88a55308]
Event: 12626.358 Thread 0x0000027dfbf5d5e0 7435       3       sun.security.util.math.intpoly.IntegerPolynomial::decode (148 bytes)
Event: 12626.358 Thread 0x0000027dfbf5d5e0 nmethod 7435 0x0000027d88a55490 code [0x0000027d88a55640, 0x0000027d88a559d8]
Event: 12626.380 Thread 0x0000027dfe949330 7436       4       sun.nio.ch.Util$BufferCache::next (8 bytes)
Event: 12626.391 Thread 0x0000027dfe949330 nmethod 7436 0x0000027d8f690c10 code [0x0000027d8f690d80, 0x0000027d8f690e18]
Event: 12626.391 Thread 0x0000027dfe949330 7446       4       jdk.internal.misc.Unsafe::checkSize (32 bytes)
Event: 12626.391 Thread 0x0000027dfe949330 nmethod 7446 0x0000027d8f690f10 code [0x0000027d8f691080, 0x0000027d8f691118]
Event: 12626.398 Thread 0x0000027dfbf5d5e0 7437       3       java.util.Date::getMillisOf (55 bytes)
Event: 12626.631 Thread 0x0000027dfbf5d5e0 nmethod 7437 0x0000027d88a55c10 code [0x0000027d88a55e20, 0x0000027d88a56758]
Event: 12626.631 Thread 0x0000027dfbf5d5e0 7439       3       sun.security.util.DisabledAlgorithmConstraints$Constraints::permits (94 bytes)
Event: 12626.666 Thread 0x0000027dfbf5d5e0 nmethod 7439 0x0000027d88a56990 code [0x0000027d88a56c00, 0x0000027d88a57818]

GC Heap History (20 events):
Event: 12876.624 GC heap after
{Heap after GC invocations=573 (full 0):
 garbage-first heap   total 297984K, used 34295K [0x00000000c1a00000, 0x0000000100000000)
  region size 1024K, 1 young (1024K), 1 survivors (1024K)
 Metaspace       used 62957K, committed 63360K, reserved 1105920K
  class space    used 8235K, committed 8448K, reserved 1048576K
}
Event: 12884.223 GC heap before
{Heap before GC invocations=573 (full 0):
 garbage-first heap   total 297984K, used 47607K [0x00000000c1a00000, 0x0000000100000000)
  region size 1024K, 14 young (14336K), 1 survivors (1024K)
 Metaspace       used 62957K, committed 63360K, reserved 1105920K
  class space    used 8235K, committed 8448K, reserved 1048576K
}
Event: 12884.560 GC heap after
{Heap after GC invocations=574 (full 0):
 garbage-first heap   total 297984K, used 34498K [0x00000000c1a00000, 0x0000000100000000)
  region size 1024K, 1 young (1024K), 1 survivors (1024K)
 Metaspace       used 62957K, committed 63360K, reserved 1105920K
  class space    used 8235K, committed 8448K, reserved 1048576K
}
Event: 12892.159 GC heap before
{Heap before GC invocations=574 (full 0):
 garbage-first heap   total 297984K, used 47810K [0x00000000c1a00000, 0x0000000100000000)
  region size 1024K, 14 young (14336K), 1 survivors (1024K)
 Metaspace       used 62957K, committed 63360K, reserved 1105920K
  class space    used 8235K, committed 8448K, reserved 1048576K
}
Event: 12892.296 GC heap after
{Heap after GC invocations=575 (full 0):
 garbage-first heap   total 297984K, used 34598K [0x00000000c1a00000, 0x0000000100000000)
  region size 1024K, 1 young (1024K), 1 survivors (1024K)
 Metaspace       used 62957K, committed 63360K, reserved 1105920K
  class space    used 8235K, committed 8448K, reserved 1048576K
}
Event: 12900.465 GC heap before
{Heap before GC invocations=575 (full 0):
 garbage-first heap   total 297984K, used 47910K [0x00000000c1a00000, 0x0000000100000000)
  region size 1024K, 14 young (14336K), 1 survivors (1024K)
 Metaspace       used 62957K, committed 63360K, reserved 1105920K
  class space    used 8235K, committed 8448K, reserved 1048576K
}
Event: 12904.460 GC heap after
{Heap after GC invocations=576 (full 0):
 garbage-first heap   total 297984K, used 34202K [0x00000000c1a00000, 0x0000000100000000)
  region size 1024K, 1 young (1024K), 1 survivors (1024K)
 Metaspace       used 62957K, committed 63360K, reserved 1105920K
  class space    used 8235K, committed 8448K, reserved 1048576K
}
Event: 12911.769 GC heap before
{Heap before GC invocations=576 (full 0):
 garbage-first heap   total 297984K, used 47514K [0x00000000c1a00000, 0x0000000100000000)
  region size 1024K, 14 young (14336K), 1 survivors (1024K)
 Metaspace       used 62957K, committed 63360K, reserved 1105920K
  class space    used 8235K, committed 8448K, reserved 1048576K
}
Event: 12912.053 GC heap after
{Heap after GC invocations=577 (full 0):
 garbage-first heap   total 297984K, used 34348K [0x00000000c1a00000, 0x0000000100000000)
  region size 1024K, 1 young (1024K), 1 survivors (1024K)
 Metaspace       used 62957K, committed 63360K, reserved 1105920K
  class space    used 8235K, committed 8448K, reserved 1048576K
}
Event: 12920.143 GC heap before
{Heap before GC invocations=577 (full 0):
 garbage-first heap   total 297984K, used 47660K [0x00000000c1a00000, 0x0000000100000000)
  region size 1024K, 14 young (14336K), 1 survivors (1024K)
 Metaspace       used 62957K, committed 63360K, reserved 1105920K
  class space    used 8235K, committed 8448K, reserved 1048576K
}
Event: 12920.394 GC heap after
{Heap after GC invocations=578 (full 0):
 garbage-first heap   total 297984K, used 34558K [0x00000000c1a00000, 0x0000000100000000)
  region size 1024K, 1 young (1024K), 1 survivors (1024K)
 Metaspace       used 62957K, committed 63360K, reserved 1105920K
  class space    used 8235K, committed 8448K, reserved 1048576K
}
Event: 12928.475 GC heap before
{Heap before GC invocations=578 (full 0):
 garbage-first heap   total 297984K, used 47870K [0x00000000c1a00000, 0x0000000100000000)
  region size 1024K, 14 young (14336K), 1 survivors (1024K)
 Metaspace       used 62957K, committed 63360K, reserved 1105920K
  class space    used 8235K, committed 8448K, reserved 1048576K
}
Event: 12928.477 GC heap after
{Heap after GC invocations=579 (full 0):
 garbage-first heap   total 297984K, used 34600K [0x00000000c1a00000, 0x0000000100000000)
  region size 1024K, 1 young (1024K), 1 survivors (1024K)
 Metaspace       used 62957K, committed 63360K, reserved 1105920K
  class space    used 8235K, committed 8448K, reserved 1048576K
}
Event: 12937.187 GC heap before
{Heap before GC invocations=579 (full 0):
 garbage-first heap   total 297984K, used 47912K [0x00000000c1a00000, 0x0000000100000000)
  region size 1024K, 14 young (14336K), 1 survivors (1024K)
 Metaspace       used 62957K, committed 63360K, reserved 1105920K
  class space    used 8235K, committed 8448K, reserved 1048576K
}
Event: 12937.188 GC heap after
{Heap after GC invocations=580 (full 0):
 garbage-first heap   total 297984K, used 34253K [0x00000000c1a00000, 0x0000000100000000)
  region size 1024K, 1 young (1024K), 1 survivors (1024K)
 Metaspace       used 62957K, committed 63360K, reserved 1105920K
  class space    used 8235K, committed 8448K, reserved 1048576K
}
Event: 12944.640 GC heap before
{Heap before GC invocations=580 (full 0):
 garbage-first heap   total 297984K, used 47565K [0x00000000c1a00000, 0x0000000100000000)
  region size 1024K, 14 young (14336K), 1 survivors (1024K)
 Metaspace       used 62957K, committed 63360K, reserved 1105920K
  class space    used 8235K, committed 8448K, reserved 1048576K
}
Event: 12944.641 GC heap after
{Heap after GC invocations=581 (full 0):
 garbage-first heap   total 297984K, used 34400K [0x00000000c1a00000, 0x0000000100000000)
  region size 1024K, 1 young (1024K), 1 survivors (1024K)
 Metaspace       used 62957K, committed 63360K, reserved 1105920K
  class space    used 8235K, committed 8448K, reserved 1048576K
}
Event: 12952.571 GC heap before
{Heap before GC invocations=581 (full 0):
 garbage-first heap   total 297984K, used 47712K [0x00000000c1a00000, 0x0000000100000000)
  region size 1024K, 14 young (14336K), 1 survivors (1024K)
 Metaspace       used 62957K, committed 63360K, reserved 1105920K
  class space    used 8235K, committed 8448K, reserved 1048576K
}
Event: 12952.572 GC heap after
{Heap after GC invocations=582 (full 0):
 garbage-first heap   total 297984K, used 34591K [0x00000000c1a00000, 0x0000000100000000)
  region size 1024K, 1 young (1024K), 1 survivors (1024K)
 Metaspace       used 62957K, committed 63360K, reserved 1105920K
  class space    used 8235K, committed 8448K, reserved 1048576K
}
Event: 12960.417 GC heap before
{Heap before GC invocations=582 (full 0):
 garbage-first heap   total 297984K, used 47903K [0x00000000c1a00000, 0x0000000100000000)
  region size 1024K, 14 young (14336K), 1 survivors (1024K)
 Metaspace       used 62957K, committed 63360K, reserved 1105920K
  class space    used 8235K, committed 8448K, reserved 1048576K
}

Deoptimization events (20 events):
Event: 10828.241 Thread 0x0000027dffca8a90 DEOPT PACKING pc=0x0000027d8f67f6e4 sp=0x000000c89e3fe500
Event: 10828.241 Thread 0x0000027dffca8a90 DEOPT UNPACKING pc=0x0000027d877f23a3 sp=0x000000c89e3fe4e0 mode 2
Event: 12583.261 Thread 0x0000027dffca9430 DEOPT PACKING pc=0x0000027d886decd0 sp=0x000000c89e3fdf30
Event: 12583.261 Thread 0x0000027dffca9430 DEOPT UNPACKING pc=0x0000027d877f2b43 sp=0x000000c89e3fd390 mode 0
Event: 12583.310 Thread 0x0000027dffca9430 Uncommon trap: trap_request=0xffffffbe fr.pc=0x0000027d8f68e2fc relative=0x00000000000002dc
Event: 12583.310 Thread 0x0000027dffca9430 Uncommon trap: reason=profile_predicate action=maybe_recompile pc=0x0000027d8f68e2fc method=sun.security.provider.HashDrbg.addBytes([BI[[B)V @ 36 c2
Event: 12583.310 Thread 0x0000027dffca9430 DEOPT PACKING pc=0x0000027d8f68e2fc sp=0x000000c89e3fdf40
Event: 12583.325 Thread 0x0000027dffca9430 DEOPT UNPACKING pc=0x0000027d877f23a3 sp=0x000000c89e3fde90 mode 2
Event: 12593.810 Thread 0x0000027dffca7c20 Uncommon trap: trap_request=0xffffffbe fr.pc=0x0000027d8f68e2fc relative=0x00000000000002dc
Event: 12593.810 Thread 0x0000027dffca7c20 Uncommon trap: reason=profile_predicate action=maybe_recompile pc=0x0000027d8f68e2fc method=sun.security.provider.HashDrbg.addBytes([BI[[B)V @ 36 c2
Event: 12593.810 Thread 0x0000027dffca7c20 DEOPT PACKING pc=0x0000027d8f68e2fc sp=0x000000c89e3fe0a0
Event: 12593.866 Thread 0x0000027dffca7c20 DEOPT UNPACKING pc=0x0000027d877f23a3 sp=0x000000c89e3fdff0 mode 2
Event: 12593.866 Thread 0x0000027dffca7c20 Uncommon trap: trap_request=0xffffffbe fr.pc=0x0000027d8f68e2fc relative=0x00000000000002dc
Event: 12593.866 Thread 0x0000027dffca7c20 Uncommon trap: reason=profile_predicate action=maybe_recompile pc=0x0000027d8f68e2fc method=sun.security.provider.HashDrbg.addBytes([BI[[B)V @ 36 c2
Event: 12593.867 Thread 0x0000027dffca7c20 DEOPT PACKING pc=0x0000027d8f68e2fc sp=0x000000c89e3fe480
Event: 12593.889 Thread 0x0000027dffca7c20 DEOPT UNPACKING pc=0x0000027d877f23a3 sp=0x000000c89e3fe3d0 mode 2
Event: 12593.890 Thread 0x0000027dffca7c20 Uncommon trap: trap_request=0xffffffbe fr.pc=0x0000027d8f68e2fc relative=0x00000000000002dc
Event: 12593.890 Thread 0x0000027dffca7c20 Uncommon trap: reason=profile_predicate action=maybe_recompile pc=0x0000027d8f68e2fc method=sun.security.provider.HashDrbg.addBytes([BI[[B)V @ 36 c2
Event: 12593.890 Thread 0x0000027dffca7c20 DEOPT PACKING pc=0x0000027d8f68e2fc sp=0x000000c89e3fe3d0
Event: 12593.890 Thread 0x0000027dffca7c20 DEOPT UNPACKING pc=0x0000027d877f23a3 sp=0x000000c89e3fe320 mode 2

Classes unloaded (0 events):
No events

Classes redefined (0 events):
No events

Internal exceptions (20 events):
Event: 5435.172 Thread 0x0000027dffcabab0 Exception <a 'java/net/SocketException'{0x00000000c7f85a08}: Connection reset by peer: shutdown> (0x00000000c7f85a08) 
thrown [s\open\src\hotspot\share\prims\jni.cpp, line 535]
Event: 5461.887 Thread 0x0000027dffcae600 Exception <a 'java/io/IOException'{0x00000000c5907038}> (0x00000000c5907038) 
thrown [s\open\src\hotspot\share\prims\jni.cpp, line 516]
Event: 5470.861 Thread 0x0000027dffcac920 Exception <a 'java/io/IOException'{0x00000000c762ce58}> (0x00000000c762ce58) 
thrown [s\open\src\hotspot\share\prims\jni.cpp, line 516]
Event: 5470.861 Thread 0x0000027dffcac920 Exception <a 'java/io/IOException'{0x00000000c762d990}> (0x00000000c762d990) 
thrown [s\open\src\hotspot\share\prims\jni.cpp, line 516]
Event: 5478.463 Thread 0x0000027dffca8f60 Exception <a 'java/net/SocketException'{0x00000000c67020b0}: Connection reset by peer: shutdown> (0x00000000c67020b0) 
thrown [s\open\src\hotspot\share\prims\jni.cpp, line 535]
Event: 5480.845 Thread 0x0000027dffca8f60 Exception <a 'java/io/IOException'{0x00000000c67035c0}> (0x00000000c67035c0) 
thrown [s\open\src\hotspot\share\prims\jni.cpp, line 516]
Event: 5480.845 Thread 0x0000027dffca8f60 Exception <a 'java/io/IOException'{0x00000000c67040f8}> (0x00000000c67040f8) 
thrown [s\open\src\hotspot\share\prims\jni.cpp, line 516]
Event: 5487.257 Thread 0x0000027dffcaa770 Exception <a 'java/io/IOException'{0x00000000c5702678}> (0x00000000c5702678) 
thrown [s\open\src\hotspot\share\prims\jni.cpp, line 516]
Event: 5487.257 Thread 0x0000027dffcaa770 Exception <a 'java/io/IOException'{0x00000000c57031b0}> (0x00000000c57031b0) 
thrown [s\open\src\hotspot\share\prims\jni.cpp, line 516]
Event: 5487.869 Thread 0x0000027dffcaa770 Exception <a 'java/io/IOException'{0x00000000c5705a38}> (0x00000000c5705a38) 
thrown [s\open\src\hotspot\share\prims\jni.cpp, line 516]
Event: 5487.869 Thread 0x0000027dffcaa770 Exception <a 'java/io/IOException'{0x00000000c5706570}> (0x00000000c5706570) 
thrown [s\open\src\hotspot\share\prims\jni.cpp, line 516]
Event: 7211.603 Thread 0x0000027dffcaa2a0 Exception <a 'java/net/SocketException'{0x00000000c5234e60}: Connection reset by peer: shutdown> (0x00000000c5234e60) 
thrown [s\open\src\hotspot\share\prims\jni.cpp, line 535]
Event: 7223.778 Thread 0x0000027dffca85c0 Exception <a 'java/io/IOException'{0x00000000c77020f8}> (0x00000000c77020f8) 
thrown [s\open\src\hotspot\share\prims\jni.cpp, line 516]
Event: 7234.212 Thread 0x0000027dffca7c20 Exception <a 'java/net/SocketException'{0x00000000c6582c60}: Connection reset by peer: shutdown> (0x00000000c6582c60) 
thrown [s\open\src\hotspot\share\prims\jni.cpp, line 535]
Event: 7241.298 Thread 0x0000027dffca7c20 Exception <a 'java/io/IOException'{0x00000000c5882b70}> (0x00000000c5882b70) 
thrown [s\open\src\hotspot\share\prims\jni.cpp, line 516]
Event: 7248.174 Thread 0x0000027dffcab110 Exception <a 'java/net/SocketException'{0x00000000c4c820b0}: Connection reset by peer: shutdown> (0x00000000c4c820b0) 
thrown [s\open\src\hotspot\share\prims\jni.cpp, line 535]
Event: 7252.775 Thread 0x0000027dffcab110 Exception <a 'java/net/SocketException'{0x00000000c7f98f68}: Connection reset by peer: shutdown> (0x00000000c7f98f68) 
thrown [s\open\src\hotspot\share\prims\jni.cpp, line 535]
Event: 7263.505 Thread 0x0000027dffcac920 Exception <a 'java/net/SocketException'{0x00000000c6c820b0}: Connection reset by peer: shutdown> (0x00000000c6c820b0) 
thrown [s\open\src\hotspot\share\prims\jni.cpp, line 535]
Event: 7268.889 Thread 0x0000027dffcae600 Exception <a 'java/net/SocketException'{0x00000000c62020b0}: Connection reset by peer: shutdown> (0x00000000c62020b0) 
thrown [s\open\src\hotspot\share\prims\jni.cpp, line 535]
Event: 7273.870 Thread 0x0000027dffcae600 Exception <a 'java/net/SocketException'{0x00000000c6203aa0}: Connection reset by peer: shutdown> (0x00000000c6203aa0) 
thrown [s\open\src\hotspot\share\prims\jni.cpp, line 535]

VM Operations (20 events):
Event: 12876.624 Executing VM operation: G1CollectForAllocation done
Event: 12884.223 Executing VM operation: G1CollectForAllocation
Event: 12884.560 Executing VM operation: G1CollectForAllocation done
Event: 12892.159 Executing VM operation: G1CollectForAllocation
Event: 12892.296 Executing VM operation: G1CollectForAllocation done
Event: 12900.076 Executing VM operation: G1CollectForAllocation
Event: 12904.460 Executing VM operation: G1CollectForAllocation done
Event: 12911.769 Executing VM operation: G1CollectForAllocation
Event: 12912.054 Executing VM operation: G1CollectForAllocation done
Event: 12920.143 Executing VM operation: G1CollectForAllocation
Event: 12920.394 Executing VM operation: G1CollectForAllocation done
Event: 12928.475 Executing VM operation: G1CollectForAllocation
Event: 12928.477 Executing VM operation: G1CollectForAllocation done
Event: 12937.187 Executing VM operation: G1CollectForAllocation
Event: 12937.188 Executing VM operation: G1CollectForAllocation done
Event: 12944.640 Executing VM operation: G1CollectForAllocation
Event: 12944.641 Executing VM operation: G1CollectForAllocation done
Event: 12952.571 Executing VM operation: G1CollectForAllocation
Event: 12952.572 Executing VM operation: G1CollectForAllocation done
Event: 12960.417 Executing VM operation: G1CollectForAllocation

Events (20 events):
Event: 12570.023 Thread 0x0000027dffca7c20 Thread added: 0x0000027dffca7c20
Event: 12570.023 Thread 0x0000027dffcae600 Thread added: 0x0000027dffcae600
Event: 12580.571 Thread 0x0000027dffca7c20 Thread exited: 0x0000027dffca7c20
Event: 12580.663 Thread 0x0000027dffcae600 Thread exited: 0x0000027dffcae600
Event: 12583.204 Thread 0x0000027dffca7c20 Thread added: 0x0000027dffca7c20
Event: 12583.204 Thread 0x0000027dffca9430 Thread added: 0x0000027dffca9430
Event: 12588.246 Thread 0x0000027dffca7c20 Thread exited: 0x0000027dffca7c20
Event: 12588.371 Thread 0x0000027dffca9430 Thread exited: 0x0000027dffca9430
Event: 12593.351 Thread 0x0000027dffcae600 Thread added: 0x0000027dffcae600
Event: 12593.351 Thread 0x0000027dffca7c20 Thread added: 0x0000027dffca7c20
Event: 12598.384 Thread 0x0000027dffcae600 Thread exited: 0x0000027dffcae600
Event: 12598.994 Thread 0x0000027dffca7c20 Thread exited: 0x0000027dffca7c20
Event: 12611.109 Thread 0x0000027dffca9430 Thread added: 0x0000027dffca9430
Event: 12611.110 Thread 0x0000027dffca7c20 Thread added: 0x0000027dffca7c20
Event: 12616.169 Thread 0x0000027dffca9430 Thread exited: 0x0000027dffca9430
Event: 12616.293 Thread 0x0000027dffca7c20 Thread exited: 0x0000027dffca7c20
Event: 12626.327 Thread 0x0000027dffca7c20 Thread added: 0x0000027dffca7c20
Event: 12626.327 Thread 0x0000027dffcac920 Thread added: 0x0000027dffcac920
Event: 12631.377 Thread 0x0000027dffca7c20 Thread exited: 0x0000027dffca7c20
Event: 12631.457 Thread 0x0000027dffcac920 Thread exited: 0x0000027dffcac920


Dynamic libraries:
0x00007ff6b6350000 - 0x00007ff6b6360000 	C:\Program Files\Java\jdk-17.0.5\bin\java.exe
0x00007ff84fc70000 - 0x00007ff84fe68000 	C:\Windows\SYSTEM32\ntdll.dll
0x00007ff84e820000 - 0x00007ff84e8df000 	C:\Windows\System32\KERNEL32.DLL
0x00007ff84d5d0000 - 0x00007ff84d8a2000 	C:\Windows\System32\KERNELBASE.dll
0x00007ff84dbc0000 - 0x00007ff84dcc0000 	C:\Windows\System32\ucrtbase.dll
0x00007ff8348c0000 - 0x00007ff8348da000 	C:\Program Files\Java\jdk-17.0.5\bin\VCRUNTIME140.dll
0x00007ff834ba0000 - 0x00007ff834bb8000 	C:\Program Files\Java\jdk-17.0.5\bin\jli.dll
0x00007ff84fb80000 - 0x00007ff84fc2e000 	C:\Windows\System32\ADVAPI32.dll
0x00007ff84ea10000 - 0x00007ff84eaae000 	C:\Windows\System32\msvcrt.dll
0x00007ff84ef60000 - 0x00007ff84effc000 	C:\Windows\System32\sechost.dll
0x00007ff84f060000 - 0x00007ff84f185000 	C:\Windows\System32\RPCRT4.dll
0x00007ff84f300000 - 0x00007ff84f49d000 	C:\Windows\System32\USER32.dll
0x00007ff84d370000 - 0x00007ff84d392000 	C:\Windows\System32\win32u.dll
0x00007ff83c2a0000 - 0x00007ff83c53a000 	C:\Windows\WinSxS\amd64_microsoft.windows.common-controls_6595b64144ccf1df_6.0.19041.1110_none_60b5254171f9507e\COMCTL32.dll
0x00007ff84fae0000 - 0x00007ff84fb0b000 	C:\Windows\System32\GDI32.dll
0x00007ff84d8b0000 - 0x00007ff84d9bf000 	C:\Windows\System32\gdi32full.dll
0x00007ff84d3a0000 - 0x00007ff84d43d000 	C:\Windows\System32\msvcp_win.dll
0x00007ff83f1f0000 - 0x00007ff83f1fa000 	C:\Windows\SYSTEM32\VERSION.dll
0x00007ff84e7e0000 - 0x00007ff84e812000 	C:\Windows\System32\IMM32.DLL
0x00007ff834b90000 - 0x00007ff834b9c000 	C:\Program Files\Java\jdk-17.0.5\bin\vcruntime140_1.dll
0x00007ff818820000 - 0x00007ff8188ad000 	C:\Program Files\Java\jdk-17.0.5\bin\msvcp140.dll
0x00007fffdf6a0000 - 0x00007fffe0262000 	C:\Program Files\Java\jdk-17.0.5\bin\server\jvm.dll
0x00007ff84f1b0000 - 0x00007ff84f1b8000 	C:\Windows\System32\PSAPI.DLL
0x00007ff834d60000 - 0x00007ff834d87000 	C:\Windows\SYSTEM32\WINMM.dll
0x00007ff83aa60000 - 0x00007ff83aa69000 	C:\Windows\SYSTEM32\WSOCK32.dll
0x00007ff84fb10000 - 0x00007ff84fb7b000 	C:\Windows\System32\WS2_32.dll
0x00007ff84b170000 - 0x00007ff84b182000 	C:\Windows\SYSTEM32\kernel.appcore.dll
0x00007ff8349b0000 - 0x00007ff8349ba000 	C:\Program Files\Java\jdk-17.0.5\bin\jimage.dll
0x00007ff83f740000 - 0x00007ff83f924000 	C:\Windows\SYSTEM32\DBGHELP.DLL
0x00007ff83f700000 - 0x00007ff83f72c000 	C:\Windows\SYSTEM32\dbgcore.DLL
0x00007ff84d9c0000 - 0x00007ff84da42000 	C:\Windows\System32\bcryptPrimitives.dll
0x00007ff8345b0000 - 0x00007ff8345d5000 	C:\Program Files\Java\jdk-17.0.5\bin\java.dll
0x00007ff817380000 - 0x00007ff817456000 	C:\Program Files\Java\jdk-17.0.5\bin\jsvml.dll
0x00007ff84e090000 - 0x00007ff84e7d3000 	C:\Windows\System32\SHELL32.dll
0x00007ff84b450000 - 0x00007ff84bbe2000 	C:\Windows\SYSTEM32\windows.storage.dll
0x00007ff84eb80000 - 0x00007ff84eed4000 	C:\Windows\System32\combase.dll
0x00007ff84cd60000 - 0x00007ff84cd90000 	C:\Windows\SYSTEM32\Wldp.dll
0x00007ff84dd40000 - 0x00007ff84dded000 	C:\Windows\System32\SHCORE.dll
0x00007ff84f000000 - 0x00007ff84f055000 	C:\Windows\System32\shlwapi.dll
0x00007ff84d2b0000 - 0x00007ff84d2cf000 	C:\Windows\SYSTEM32\profapi.dll
0x00007ff834590000 - 0x00007ff8345a9000 	C:\Program Files\Java\jdk-17.0.5\bin\net.dll
0x00007ff844560000 - 0x00007ff84466c000 	C:\Windows\SYSTEM32\WINHTTP.dll
0x00007ff84cac0000 - 0x00007ff84cb2a000 	C:\Windows\system32\mswsock.dll
0x00007ff833040000 - 0x00007ff833056000 	C:\Program Files\Java\jdk-17.0.5\bin\nio.dll
0x00007ff8312f0000 - 0x00007ff831308000 	C:\Program Files\Java\jdk-17.0.5\bin\zip.dll
0x00007ff834830000 - 0x00007ff834839000 	C:\Program Files\Java\jdk-17.0.5\bin\management.dll
0x00007ff834580000 - 0x00007ff83458b000 	C:\Program Files\Java\jdk-17.0.5\bin\management_ext.dll
0x00007ff83db60000 - 0x00007ff83db77000 	C:\Windows\system32\napinsp.dll
0x00007ff83db40000 - 0x00007ff83db5b000 	C:\Windows\system32\pnrpnsp.dll
0x00007ff83db20000 - 0x00007ff83db35000 	C:\Windows\system32\wshbth.dll
0x00007ff848d80000 - 0x00007ff848d9d000 	C:\Windows\system32\NLAapi.dll
0x00007ff84c7b0000 - 0x00007ff84c7eb000 	C:\Windows\SYSTEM32\IPHLPAPI.DLL
0x00007ff84c7f0000 - 0x00007ff84c8ba000 	C:\Windows\SYSTEM32\DNSAPI.dll
0x00007ff84dd30000 - 0x00007ff84dd38000 	C:\Windows\System32\NSI.dll
0x00007ff83db00000 - 0x00007ff83db12000 	C:\Windows\System32\winrnr.dll
0x00007ff845520000 - 0x00007ff84552a000 	C:\Windows\System32\rasadhlp.dll
0x00007ff8444e0000 - 0x00007ff844560000 	C:\Windows\System32\fwpuclnt.dll
0x00007ff84d440000 - 0x00007ff84d467000 	C:\Windows\System32\bcrypt.dll
0x00007ff84ccc0000 - 0x00007ff84ccd8000 	C:\Windows\SYSTEM32\CRYPTSP.dll
0x00007ff84c370000 - 0x00007ff84c3a4000 	C:\Windows\system32\rsaenh.dll
0x00007ff84d270000 - 0x00007ff84d29e000 	C:\Windows\SYSTEM32\USERENV.dll
0x00007ff84ccb0000 - 0x00007ff84ccbc000 	C:\Windows\SYSTEM32\CRYPTBASE.dll
0x00007ff845190000 - 0x00007ff8451a7000 	C:\Windows\SYSTEM32\dhcpcsvc6.DLL
0x00007ff845170000 - 0x00007ff84518d000 	C:\Windows\SYSTEM32\dhcpcsvc.DLL
0x00007ff834410000 - 0x00007ff834420000 	C:\Program Files\Java\jdk-17.0.5\bin\verify.dll
0x00007ff837d70000 - 0x00007ff837d7e000 	C:\Program Files\Java\jdk-17.0.5\bin\sunmscapi.dll
0x00007ff84d470000 - 0x00007ff84d5c6000 	C:\Windows\System32\CRYPT32.dll
0x00007ff84cdd0000 - 0x00007ff84cdf7000 	C:\Windows\SYSTEM32\ncrypt.dll
0x00007ff84cd90000 - 0x00007ff84cdcb000 	C:\Windows\SYSTEM32\NTASN1.dll
0x00007ff834c00000 - 0x00007ff834c07000 	C:\Windows\system32\wshunix.dll

dbghelp: loaded successfully - version: 4.0.5 - missing functions: none
symbol engine: initialized successfully - sym options: 0x614 - pdb path: .;C:\Program Files\Java\jdk-17.0.5\bin;C:\Windows\SYSTEM32;C:\Windows\WinSxS\amd64_microsoft.windows.common-controls_6595b64144ccf1df_6.0.19041.1110_none_60b5254171f9507e;C:\Program Files\Java\jdk-17.0.5\bin\server

VM Arguments:
jvm_args: -Dcom.sun.management.jmxremote -Dcom.sun.management.jmxremote.port=54319 -Dcom.sun.management.jmxremote.authenticate=false -Dcom.sun.management.jmxremote.ssl=false -Dspring.jmx.enabled=true -Djava.rmi.server.hostname=localhost -Dspring.application.admin.enabled=true -Dspring.boot.project.name=tw-projetos -XX:+ShowCodeDetailsInExceptionMessages 
java_command: br.com.treinaweb.twprojetos.TwProjetosApplication
java_class_path (initial): F:\PROJETOS\PROJETO LEARN\SPRING\twProjetos\target\classes;C:\Users\nasci\.m2\repository\org\springframework\boot\spring-boot-starter-data-jpa\2.4.4\spring-boot-starter-data-jpa-2.4.4.jar;C:\Users\nasci\.m2\repository\org\springframework\boot\spring-boot-starter-aop\2.4.4\spring-boot-starter-aop-2.4.4.jar;C:\Users\nasci\.m2\repository\org\springframework\spring-aop\5.3.5\spring-aop-5.3.5.jar;C:\Users\nasci\.m2\repository\org\aspectj\aspectjweaver\1.9.6\aspectjweaver-1.9.6.jar;C:\Users\nasci\.m2\repository\org\springframework\boot\spring-boot-starter-jdbc\2.4.4\spring-boot-starter-jdbc-2.4.4.jar;C:\Users\nasci\.m2\repository\com\zaxxer\HikariCP\3.4.5\HikariCP-3.4.5.jar;C:\Users\nasci\.m2\repository\org\springframework\spring-jdbc\5.3.5\spring-jdbc-5.3.5.jar;C:\Users\nasci\.m2\repository\jakarta\transaction\jakarta.transaction-api\1.3.3\jakarta.transaction-api-1.3.3.jar;C:\Users\nasci\.m2\repository\jakarta\persistence\jakarta.persistence-api\2.2.3\jakarta.persistence-api-2.2.3.jar;C:\Users\nasci\.m2\repository\org\hibernate\hibernate-core\5.4.29.Final\hibernate-core-5.4.29.Final.jar;C:\Users\nasci\.m2\repository\org\jboss\logging\jboss-logging\3.4.1.Final\jboss-logging-3.4.1.Final.jar;C:\Users\nasci\.m2\repository\org\javassist\javassist\3.27.0-GA\javassist-3.27.0-GA.jar;C:\Users\nasci\.m2\repository\net\bytebuddy\byte-buddy\1.10.22\byte-buddy-1.10.22.jar;C:\Users\nasci\.m2\repository\antlr\antlr\2.7.7\antlr-2.7.7.jar;C:\Users\nasci\.m2\repository\org\jboss\jandex\2.2.3.Final\jandex-2.2.3.Final.jar;C:\Users\nasci\.m2\repository\com\fasterxml\classmate\1.5.1\classmate-1.5.1.jar;C:\Users\nasci\.m2\repository\org\dom4j\dom4j\2.1.3\dom4j-2.1.3.jar;C:\Users\nasci\.m2\repository\org\hibernate\common\hibernate-commons-annotations\5.1.2.Final\hibernate-commons-annotations-5.1.2.Final.jar;C:\Users\nasci\.m2\repository\org\glassfish\jaxb\jaxb-runtime\2.3.3\jaxb-runtime-2.3.3.jar;C:\Users\nasci\.m2\repository\org\glassfish\jaxb\txw2\2.3.3\txw2-2.3.3
Launcher Type: SUN_STANDARD

[Global flags]
     intx CICompilerCount                          = 3                                         {product} {ergonomic}
     uint ConcGCThreads                            = 1                                         {product} {ergonomic}
     uint G1ConcRefinementThreads                  = 4                                         {product} {ergonomic}
   size_t G1HeapRegionSize                         = 1048576                                   {product} {ergonomic}
    uintx GCDrainStackTargetSize                   = 64                                        {product} {ergonomic}
   size_t InitialHeapSize                          = 67108864                                  {product} {ergonomic}
     bool ManagementServer                         = true                                      {product} {command line}
   size_t MarkStackSize                            = 4194304                                   {product} {ergonomic}
   size_t MaxHeapSize                              = 1046478848                                {product} {ergonomic}
   size_t MaxNewSize                               = 627048448                                 {product} {ergonomic}
   size_t MinHeapDeltaBytes                        = 1048576                                   {product} {ergonomic}
   size_t MinHeapSize                              = 8388608                                   {product} {ergonomic}
    uintx NonNMethodCodeHeapSize                   = 5832780                                {pd product} {ergonomic}
    uintx NonProfiledCodeHeapSize                  = 122912730                              {pd product} {ergonomic}
    uintx ProfiledCodeHeapSize                     = 122912730                              {pd product} {ergonomic}
    uintx ReservedCodeCacheSize                    = 251658240                              {pd product} {ergonomic}
     bool SegmentedCodeCache                       = true                                      {product} {ergonomic}
     bool ShowCodeDetailsInExceptionMessages       = true                                   {manageable} {command line}
   size_t SoftMaxHeapSize                          = 1046478848                             {manageable} {ergonomic}
     bool UseCompressedClassPointers               = true                           {product lp64_product} {ergonomic}
     bool UseCompressedOops                        = true                           {product lp64_product} {ergonomic}
     bool UseG1GC                                  = true                                      {product} {ergonomic}
     bool UseLargePagesIndividualAllocation        = false                                  {pd product} {ergonomic}

Logging:
Log output configuration:
 #0: stdout all=warning uptime,level,tags
 #1: stderr all=off uptime,level,tags

Environment Variables:
JAVA_HOME=C:\Program Files\Java\jdk-17.0.5
PATH=C:\Program Files\Common Files\Oracle\Java\javapath;C:\Program Files\Java\jdk-17.0.5\bin;C:\ProgramData\Oracle\Java\javapath;C:\Windows\system32;C:\Windows;C:\Windows\System32\Wbem;C:\Windows\System32\WindowsPowerShell\v1.0\;C:\Windows\System32\OpenSSH\;C:\Program Files\Git\cmd;C:\Program Files\nodejs\;C:\Program Files\MySQL\MySQL Shell 8.0\bin\;C:\Users\nasci\AppData\Local\Microsoft\WindowsApps;C:\Users\nasci\AppData\Local\Programs\Microsoft VS Code\bin;C:\Users\nasci\AppData\Roaming\npm;C:\Program Files\JetBrains\PyCharm Community Edition 2022.2\bin;;C:\Program Files\apache-maven-3.8.6\bin;
USERNAME=nasci
LANG=pt_BR.UTF-8
OS=Windows_NT
PROCESSOR_IDENTIFIER=Intel64 Family 6 Model 58 Stepping 9, GenuineIntel



---------------  S Y S T E M  ---------------

OS:
 Windows 10 , 64 bit Build 19041 (10.0.19041.2251)
OS uptime: 1 days 17:51 hours

CPU: total 4 (initial active 4) (4 cores per cpu, 1 threads per core) family 6 model 58 stepping 9 microcode 0x21, cx8, cmov, fxsr, mmx, sse, sse2, sse3, ssse3, sse4.1, sse4.2, popcnt, tsc, tscinvbit, avx, aes, erms, clmul, vzeroupper, clflush

Memory: 4k page, system-wide physical 3991M (105M free)
TotalPageFile size 10687M (AvailPageFile size 105M)
current process WorkingSet (physical memory assigned to process): 33M, peak: 208M
current process commit charge ("private bytes"): 491M, peak: 534M

vm_info: Java HotSpot(TM) 64-Bit Server VM (17.0.5+9-LTS-191) for windows-amd64 JRE (17.0.5+9-LTS-191), built on Sep 13 2022 17:31:43 by "mach5one" with MS VC++ 16.8 / 16.9 (VS2019)

END.
